Determining if the pthread_create exist failed with the following output:
Change Dir: /home/weety/tart5/build/diff_drive_controller/CMakeFiles/CMakeTmp

Run Build Command:"/usr/bin/make" "cmTC_ce37a/fast"
/usr/bin/make -f CMakeFiles/cmTC_ce37a.dir/build.make CMakeFiles/cmTC_ce37a.dir/build
make[1]: Entering directory '/home/weety/tart5/build/diff_drive_controller/CMakeFiles/CMakeTmp'
Building C object CMakeFiles/cmTC_ce37a.dir/CheckSymbolExists.c.o
/usr/bin/cc     -o CMakeFiles/cmTC_ce37a.dir/CheckSymbolExists.c.o   -c /home/weety/tart5/build/diff_drive_controller/CMakeFiles/CMakeTmp/CheckSymbolExists.c
Linking C executable cmTC_ce37a
/usr/bin/cmake -E cmake_link_script CMakeFiles/cmTC_ce37a.dir/link.txt --verbose=1
/usr/bin/cc       CMakeFiles/cmTC_ce37a.dir/CheckSymbolExists.c.o  -o cmTC_ce37a -rdynamic 
CMakeFiles/cmTC_ce37a.dir/CheckSymbolExists.c.o: In function `main':
CheckSymbolExists.c:(.text+0x16): undefined reference to `pthread_create'
collect2: error: ld returned 1 exit status
CMakeFiles/cmTC_ce37a.dir/build.make:97: recipe for target 'cmTC_ce37a' failed
make[1]: *** [cmTC_ce37a] Error 1
make[1]: Leaving directory '/home/weety/tart5/build/diff_drive_controller/CMakeFiles/CMakeTmp'
Makefile:126: recipe for target 'cmTC_ce37a/fast' failed
make: *** [cmTC_ce37a/fast] Error 2

File /home/weety/tart5/build/diff_drive_controller/CMakeFiles/CMakeTmp/CheckSymbolExists.c:
/* */
#include <pthread.h>

int main(int argc, char** argv)
{
  (void)argv;
#ifndef pthread_create
  return ((int*)(&pthread_create))[argc];
#else
  (void)argc;
  return 0;
#endif
}

Determining if the function pthread_create exists in the pthreads failed with the following output:
Change Dir: /home/weety/tart5/build/diff_drive_controller/CMakeFiles/CMakeTmp

Run Build Command:"/usr/bin/make" "cmTC_fc4f8/fast"
/usr/bin/make -f CMakeFiles/cmTC_fc4f8.dir/build.make CMakeFiles/cmTC_fc4f8.dir/build
make[1]: Entering directory '/home/weety/tart5/build/diff_drive_controller/CMakeFiles/CMakeTmp'
Building C object CMakeFiles/cmTC_fc4f8.dir/CheckFunctionExists.c.o
/usr/bin/cc    -DCHECK_FUNCTION_EXISTS=pthread_create   -o CMakeFiles/cmTC_fc4f8.dir/CheckFunctionExists.c.o   -c /usr/share/cmake-3.5/Modules/CheckFunctionExists.c
Linking C executable cmTC_fc4f8
/usr/bin/cmake -E cmake_link_script CMakeFiles/cmTC_fc4f8.dir/link.txt --verbose=1
/usr/bin/cc   -DCHECK_FUNCTION_EXISTS=pthread_create    CMakeFiles/cmTC_fc4f8.dir/CheckFunctionExists.c.o  -o cmTC_fc4f8 -rdynamic -lpthreads 
/usr/bin/ld: cannot find -lpthreads
collect2: error: ld returned 1 exit status
CMakeFiles/cmTC_fc4f8.dir/build.make:97: recipe for target 'cmTC_fc4f8' failed
make[1]: *** [cmTC_fc4f8] Error 1
make[1]: Leaving directory '/home/weety/tart5/build/diff_drive_controller/CMakeFiles/CMakeTmp'
Makefile:126: recipe for target 'cmTC_fc4f8/fast' failed
make: *** [cmTC_fc4f8/fast] Error 2


