[36m--[0m Using CATKIN_DEVEL_PREFIX: /home/weety/tart5/devel/.private/facetrack_sim
[36m--[0m Using CMAKE_PREFIX_PATH: /home/weety/tart5/devel;/opt/ros/kinetic
[36m--[0m This workspace overlays: /home/weety/tart5/devel;/opt/ros/kinetic
[36m--[0m Using PYTHON_EXECUTABLE: /usr/bin/python
[36m--[0m Using Debian Python package layout
[36m--[0m Using empy: /usr/bin/empy
[36m--[0m Using CATKIN_ENABLE_TESTING: ON
[36m--[0m Call enable_testing()
[36m--[0m Using CATKIN_TEST_RESULTS_DIR: /home/weety/tart5/build/facetrack_sim/test_results
[36m--[0m Found gtest sources under '/usr/src/gtest': gtests will be built
[36m--[0m Using Python nosetests: /usr/bin/nosetests-2.7
[36m--[0m catkin 0.7.6
[36m--[0m Using these message generators: gencpp;geneus;genlisp;gennodejs;genpy
CMake Warning (dev) at CMakeLists.txt:131 (project):
  Policy CMP0048 is not set: project() command manages VERSION variables.
  Run "cmake --help-policy CMP0048" for policy details.  Use the cmake_policy
  command to set the policy and suppress this warning.

  The following variable(s) would be set to empty:

    facetrack_sim_VERSION
This warning is for project developers.  Use -Wno-dev to suppress it.

[36m--[0m Configuring done
[36m--[0m Generating done
[36m--[0m Build files have been written to: /home/weety/tart5/build/facetrack_sim
