[36m--[0m Using CATKIN_DEVEL_PREFIX: /home/weety/tart5/devel/.private/facetrack_sim
[36m--[0m Using CMAKE_PREFIX_PATH: /home/weety/tart5/devel;/opt/ros/kinetic
[36m--[0m This workspace overlays: /home/weety/tart5/devel;/opt/ros/kinetic
[36m--[0m Using PYTHON_EXECUTABLE: /usr/bin/python
[36m--[0m Using Debian Python package layout
[36m--[0m Using empy: /usr/bin/empy
[36m--[0m Using CATKIN_ENABLE_TESTING: ON
[36m--[0m Call enable_testing()
[36m--[0m Using CATKIN_TEST_RESULTS_DIR: /home/weety/tart5/build/facetrack_sim/test_results
[36m--[0m Found gtest sources under '/usr/src/gtest': gtests will be built
[36m--[0m Using Python nosetests: /usr/bin/nosetests-2.7
[36m--[0m catkin 0.7.6
[36m--[0m Using these message generators: gencpp;geneus;genlisp;gennodejs;genpy
[36m--[0m C++11 activated.
[36m--[0m Searching for BLAS and LAPACK
[36m--[0m Checking for module 'cblas'
[36m--[0m   No package 'cblas' found
[36m--[0m Found OpenBLAS library
[36m--[0m Found LAPACK library
[31m[1mCMake Error[0m at /home/weety/tart5/src/facetrack_sim/CMakeLists.txt:133 (target_link_libraries):
  Cannot specify link libraries for target "facetrack_sim" which is not built
  by this project.


[36m--[0m Configuring incomplete, errors occurred!
See also "/home/weety/tart5/build/facetrack_sim/CMakeFiles/CMakeOutput.log".
See also "/home/weety/tart5/build/facetrack_sim/CMakeFiles/CMakeError.log".
Makefile:1216: recipe for target 'cmake_check_build_system' failed
make: *** [cmake_check_build_system] Error 1
