Determining if the pthread_create exist failed with the following output:
Change Dir: /home/weety/tart5/build/controller_manager_msgs/CMakeFiles/CMakeTmp

Run Build Command:"/usr/bin/make" "cmTC_e5d4d/fast"
/usr/bin/make -f CMakeFiles/cmTC_e5d4d.dir/build.make CMakeFiles/cmTC_e5d4d.dir/build
make[1]: Entering directory '/home/weety/tart5/build/controller_manager_msgs/CMakeFiles/CMakeTmp'
Building C object CMakeFiles/cmTC_e5d4d.dir/CheckSymbolExists.c.o
/usr/bin/cc     -o CMakeFiles/cmTC_e5d4d.dir/CheckSymbolExists.c.o   -c /home/weety/tart5/build/controller_manager_msgs/CMakeFiles/CMakeTmp/CheckSymbolExists.c
Linking C executable cmTC_e5d4d
/usr/bin/cmake -E cmake_link_script CMakeFiles/cmTC_e5d4d.dir/link.txt --verbose=1
/usr/bin/cc       CMakeFiles/cmTC_e5d4d.dir/CheckSymbolExists.c.o  -o cmTC_e5d4d -rdynamic 
CMakeFiles/cmTC_e5d4d.dir/CheckSymbolExists.c.o: In function `main':
CheckSymbolExists.c:(.text+0x16): undefined reference to `pthread_create'
collect2: error: ld returned 1 exit status
CMakeFiles/cmTC_e5d4d.dir/build.make:97: recipe for target 'cmTC_e5d4d' failed
make[1]: *** [cmTC_e5d4d] Error 1
make[1]: Leaving directory '/home/weety/tart5/build/controller_manager_msgs/CMakeFiles/CMakeTmp'
Makefile:126: recipe for target 'cmTC_e5d4d/fast' failed
make: *** [cmTC_e5d4d/fast] Error 2

File /home/weety/tart5/build/controller_manager_msgs/CMakeFiles/CMakeTmp/CheckSymbolExists.c:
/* */
#include <pthread.h>

int main(int argc, char** argv)
{
  (void)argv;
#ifndef pthread_create
  return ((int*)(&pthread_create))[argc];
#else
  (void)argc;
  return 0;
#endif
}

Determining if the function pthread_create exists in the pthreads failed with the following output:
Change Dir: /home/weety/tart5/build/controller_manager_msgs/CMakeFiles/CMakeTmp

Run Build Command:"/usr/bin/make" "cmTC_970ff/fast"
/usr/bin/make -f CMakeFiles/cmTC_970ff.dir/build.make CMakeFiles/cmTC_970ff.dir/build
make[1]: Entering directory '/home/weety/tart5/build/controller_manager_msgs/CMakeFiles/CMakeTmp'
Building C object CMakeFiles/cmTC_970ff.dir/CheckFunctionExists.c.o
/usr/bin/cc    -DCHECK_FUNCTION_EXISTS=pthread_create   -o CMakeFiles/cmTC_970ff.dir/CheckFunctionExists.c.o   -c /usr/share/cmake-3.5/Modules/CheckFunctionExists.c
Linking C executable cmTC_970ff
/usr/bin/cmake -E cmake_link_script CMakeFiles/cmTC_970ff.dir/link.txt --verbose=1
/usr/bin/cc   -DCHECK_FUNCTION_EXISTS=pthread_create    CMakeFiles/cmTC_970ff.dir/CheckFunctionExists.c.o  -o cmTC_970ff -rdynamic -lpthreads 
/usr/bin/ld: cannot find -lpthreads
collect2: error: ld returned 1 exit status
CMakeFiles/cmTC_970ff.dir/build.make:97: recipe for target 'cmTC_970ff' failed
make[1]: *** [cmTC_970ff] Error 1
make[1]: Leaving directory '/home/weety/tart5/build/controller_manager_msgs/CMakeFiles/CMakeTmp'
Makefile:126: recipe for target 'cmTC_970ff/fast' failed
make: *** [cmTC_970ff/fast] Error 2


