Determining if the pthread_create exist failed with the following output:
Change Dir: /home/weety/tart5/build/faceReg/CMakeFiles/CMakeTmp

Run Build Command:"/usr/bin/make" "cmTC_05bca/fast"
/usr/bin/make -f CMakeFiles/cmTC_05bca.dir/build.make CMakeFiles/cmTC_05bca.dir/build
make[1]: Entering directory '/home/weety/tart5/build/faceReg/CMakeFiles/CMakeTmp'
Building C object CMakeFiles/cmTC_05bca.dir/CheckSymbolExists.c.o
/usr/bin/cc     -o CMakeFiles/cmTC_05bca.dir/CheckSymbolExists.c.o   -c /home/weety/tart5/build/faceReg/CMakeFiles/CMakeTmp/CheckSymbolExists.c
Linking C executable cmTC_05bca
/usr/bin/cmake -E cmake_link_script CMakeFiles/cmTC_05bca.dir/link.txt --verbose=1
/usr/bin/cc       CMakeFiles/cmTC_05bca.dir/CheckSymbolExists.c.o  -o cmTC_05bca -rdynamic 
CMakeFiles/cmTC_05bca.dir/CheckSymbolExists.c.o: In function `main':
CheckSymbolExists.c:(.text+0x16): undefined reference to `pthread_create'
collect2: error: ld returned 1 exit status
CMakeFiles/cmTC_05bca.dir/build.make:97: recipe for target 'cmTC_05bca' failed
make[1]: *** [cmTC_05bca] Error 1
make[1]: Leaving directory '/home/weety/tart5/build/faceReg/CMakeFiles/CMakeTmp'
Makefile:126: recipe for target 'cmTC_05bca/fast' failed
make: *** [cmTC_05bca/fast] Error 2

File /home/weety/tart5/build/faceReg/CMakeFiles/CMakeTmp/CheckSymbolExists.c:
/* */
#include <pthread.h>

int main(int argc, char** argv)
{
  (void)argv;
#ifndef pthread_create
  return ((int*)(&pthread_create))[argc];
#else
  (void)argc;
  return 0;
#endif
}

Determining if the function pthread_create exists in the pthreads failed with the following output:
Change Dir: /home/weety/tart5/build/faceReg/CMakeFiles/CMakeTmp

Run Build Command:"/usr/bin/make" "cmTC_fa85a/fast"
/usr/bin/make -f CMakeFiles/cmTC_fa85a.dir/build.make CMakeFiles/cmTC_fa85a.dir/build
make[1]: Entering directory '/home/weety/tart5/build/faceReg/CMakeFiles/CMakeTmp'
Building C object CMakeFiles/cmTC_fa85a.dir/CheckFunctionExists.c.o
/usr/bin/cc    -DCHECK_FUNCTION_EXISTS=pthread_create   -o CMakeFiles/cmTC_fa85a.dir/CheckFunctionExists.c.o   -c /usr/share/cmake-3.5/Modules/CheckFunctionExists.c
Linking C executable cmTC_fa85a
/usr/bin/cmake -E cmake_link_script CMakeFiles/cmTC_fa85a.dir/link.txt --verbose=1
/usr/bin/cc   -DCHECK_FUNCTION_EXISTS=pthread_create    CMakeFiles/cmTC_fa85a.dir/CheckFunctionExists.c.o  -o cmTC_fa85a -rdynamic -lpthreads 
/usr/bin/ld: cannot find -lpthreads
collect2: error: ld returned 1 exit status
CMakeFiles/cmTC_fa85a.dir/build.make:97: recipe for target 'cmTC_fa85a' failed
make[1]: *** [cmTC_fa85a] Error 1
make[1]: Leaving directory '/home/weety/tart5/build/faceReg/CMakeFiles/CMakeTmp'
Makefile:126: recipe for target 'cmTC_fa85a/fast' failed
make: *** [cmTC_fa85a/fast] Error 2


Determining if the pthread_create exist failed with the following output:
Change Dir: /home/weety/tart5/build/faceReg/CMakeFiles/CMakeTmp

Run Build Command:"/usr/bin/make" "cmTC_5afba/fast"
/usr/bin/make -f CMakeFiles/cmTC_5afba.dir/build.make CMakeFiles/cmTC_5afba.dir/build
make[1]: Entering directory '/home/weety/tart5/build/faceReg/CMakeFiles/CMakeTmp'
Building C object CMakeFiles/cmTC_5afba.dir/CheckSymbolExists.c.o
/usr/bin/cc     -o CMakeFiles/cmTC_5afba.dir/CheckSymbolExists.c.o   -c /home/weety/tart5/build/faceReg/CMakeFiles/CMakeTmp/CheckSymbolExists.c
Linking C executable cmTC_5afba
/usr/bin/cmake -E cmake_link_script CMakeFiles/cmTC_5afba.dir/link.txt --verbose=1
/usr/bin/cc       CMakeFiles/cmTC_5afba.dir/CheckSymbolExists.c.o  -o cmTC_5afba -rdynamic 
CMakeFiles/cmTC_5afba.dir/CheckSymbolExists.c.o: In function `main':
CheckSymbolExists.c:(.text+0x16): undefined reference to `pthread_create'
collect2: error: ld returned 1 exit status
CMakeFiles/cmTC_5afba.dir/build.make:97: recipe for target 'cmTC_5afba' failed
make[1]: *** [cmTC_5afba] Error 1
make[1]: Leaving directory '/home/weety/tart5/build/faceReg/CMakeFiles/CMakeTmp'
Makefile:126: recipe for target 'cmTC_5afba/fast' failed
make: *** [cmTC_5afba/fast] Error 2

File /home/weety/tart5/build/faceReg/CMakeFiles/CMakeTmp/CheckSymbolExists.c:
/* */
#include <pthread.h>

int main(int argc, char** argv)
{
  (void)argv;
#ifndef pthread_create
  return ((int*)(&pthread_create))[argc];
#else
  (void)argc;
  return 0;
#endif
}

Determining if the function pthread_create exists in the pthreads failed with the following output:
Change Dir: /home/weety/tart5/build/faceReg/CMakeFiles/CMakeTmp

Run Build Command:"/usr/bin/make" "cmTC_98613/fast"
/usr/bin/make -f CMakeFiles/cmTC_98613.dir/build.make CMakeFiles/cmTC_98613.dir/build
make[1]: Entering directory '/home/weety/tart5/build/faceReg/CMakeFiles/CMakeTmp'
Building C object CMakeFiles/cmTC_98613.dir/CheckFunctionExists.c.o
/usr/bin/cc    -DCHECK_FUNCTION_EXISTS=pthread_create   -o CMakeFiles/cmTC_98613.dir/CheckFunctionExists.c.o   -c /usr/share/cmake-3.5/Modules/CheckFunctionExists.c
Linking C executable cmTC_98613
/usr/bin/cmake -E cmake_link_script CMakeFiles/cmTC_98613.dir/link.txt --verbose=1
/usr/bin/cc   -DCHECK_FUNCTION_EXISTS=pthread_create    CMakeFiles/cmTC_98613.dir/CheckFunctionExists.c.o  -o cmTC_98613 -rdynamic -lpthreads 
/usr/bin/ld: cannot find -lpthreads
collect2: error: ld returned 1 exit status
CMakeFiles/cmTC_98613.dir/build.make:97: recipe for target 'cmTC_98613' failed
make[1]: *** [cmTC_98613] Error 1
make[1]: Leaving directory '/home/weety/tart5/build/faceReg/CMakeFiles/CMakeTmp'
Makefile:126: recipe for target 'cmTC_98613/fast' failed
make: *** [cmTC_98613/fast] Error 2


