Not searching for unused variables given on the command line.
[36m--[0m Using CATKIN_DEVEL_PREFIX: /home/weety/tart5/devel/.private/face_tracker
[36m--[0m Using CMAKE_PREFIX_PATH: /home/weety/tart5/devel;/opt/ros/kinetic
[36m--[0m This workspace overlays: /home/weety/tart5/devel;/opt/ros/kinetic
[36m--[0m Using PYTHON_EXECUTABLE: /usr/bin/python
[36m--[0m Using Debian Python package layout
[36m--[0m Using empy: /usr/bin/empy
[36m--[0m Using CATKIN_ENABLE_TESTING: ON
[36m--[0m Call enable_testing()
[36m--[0m Using CATKIN_TEST_RESULTS_DIR: /home/weety/tart5/build/face_tracker/test_results
[36m--[0m Found gtest sources under '/usr/src/gtest': gtests will be built
[36m--[0m Using Python nosetests: /usr/bin/nosetests-2.7
[36m--[0m catkin 0.7.6
[36m--[0m Using these message generators: gencpp;geneus;genlisp;gennodejs;genpy
[36m--[0m C++11 activated.
[36m--[0m Looking for XOpenDisplay in /usr/lib/x86_64-linux-gnu/libX11.so;/usr/lib/x86_64-linux-gnu/libXext.so
[36m--[0m Looking for XOpenDisplay in /usr/lib/x86_64-linux-gnu/libX11.so;/usr/lib/x86_64-linux-gnu/libXext.so - found
[36m--[0m Looking for gethostbyname
[36m--[0m Looking for gethostbyname - found
[36m--[0m Looking for connect
[36m--[0m Looking for connect - found
[36m--[0m Looking for remove
[36m--[0m Looking for remove - found
[36m--[0m Looking for shmat
[36m--[0m Looking for shmat - found
[36m--[0m Looking for IceConnectionNumber in ICE
[36m--[0m Looking for IceConnectionNumber in ICE - found
[36m--[0m Found X11: /usr/lib/x86_64-linux-gnu/libX11.so
[36m--[0m Looking for png_create_read_struct
[36m--[0m Looking for png_create_read_struct - found
[36m--[0m Looking for jpeg_read_header
[36m--[0m Looking for jpeg_read_header - found
[36m--[0m Searching for BLAS and LAPACK
[36m--[0m Found PkgConfig: /usr/bin/pkg-config (found version "0.29.1")
[36m--[0m Checking for module 'cblas'
[36m--[0m   No package 'cblas' found
[36m--[0m Checking for module 'lapack'
[36m--[0m   Found lapack, version 3.10.2
[36m--[0m Looking for sys/types.h
[36m--[0m Looking for sys/types.h - found
[36m--[0m Looking for stdint.h
[36m--[0m Looking for stdint.h - found
[36m--[0m Looking for stddef.h
[36m--[0m Looking for stddef.h - found
[36m--[0m Check size of void*
[36m--[0m Check size of void* - done
[36m--[0m Found LAPACK library
[36m--[0m Found ATLAS BLAS library
[36m--[0m Looking for cblas_ddot
[36m--[0m Looking for cblas_ddot - found
CUDA_TOOLKIT_ROOT_DIR not found or specified
[36m--[0m Could NOT find CUDA (missing:  CUDA_TOOLKIT_ROOT_DIR CUDA_NVCC_EXECUTABLE CUDA_INCLUDE_DIRS CUDA_CUDART_LIBRARY) (Required is at least version "7.5")
[36m--[0m *** cuDNN V5.0 OR GREATER NOT FOUND.  DLIB WILL NOT USE CUDA. ***
[36m--[0m *** If you have cuDNN then set CMAKE_PREFIX_PATH to include cuDNN's folder.
[36m--[0m Configuring done
[36m--[0m Generating done
[36m--[0m Build files have been written to: /home/weety/tart5/build/face_tracker
