[  0%] Built target _control_msgs_generate_messages_check_deps_FollowJointTrajectoryAction
[  0%] Built target _control_msgs_generate_messages_check_deps_JointTrajectoryFeedback
[  0%] Built target _control_msgs_generate_messages_check_deps_PointHeadFeedback
[  0%] Built target _control_msgs_generate_messages_check_deps_PointHeadActionResult
[  0%] Built target _control_msgs_generate_messages_check_deps_QueryTrajectoryState
[  0%] Built target _control_msgs_generate_messages_check_deps_GripperCommand
[  0%] Built target _control_msgs_generate_messages_check_deps_FollowJointTrajectoryActionGoal
[  0%] Built target _control_msgs_generate_messages_check_deps_GripperCommandActionFeedback
[  0%] Built target _control_msgs_generate_messages_check_deps_PointHeadActionGoal
[  0%] Built target _control_msgs_generate_messages_check_deps_SingleJointPositionActionFeedback
[  0%] Built target _control_msgs_generate_messages_check_deps_GripperCommandAction
[  0%] Built target _control_msgs_generate_messages_check_deps_PidState
[  0%] Built target _control_msgs_generate_messages_check_deps_JointTrajectoryGoal
[  0%] Built target _control_msgs_generate_messages_check_deps_JointTrajectoryResult
[  0%] Built target _control_msgs_generate_messages_check_deps_SingleJointPositionAction
[  0%] Built target _control_msgs_generate_messages_check_deps_GripperCommandGoal
[  0%] Built target _control_msgs_generate_messages_check_deps_JointTrajectoryActionResult
[  0%] Built target _control_msgs_generate_messages_check_deps_JointTrajectoryActionFeedback
[  0%] Built target _control_msgs_generate_messages_check_deps_PointHeadResult
[  0%] Built target _control_msgs_generate_messages_check_deps_FollowJointTrajectoryFeedback
[  0%] Built target _control_msgs_generate_messages_check_deps_JointTolerance
[  0%] Built target _control_msgs_generate_messages_check_deps_SingleJointPositionActionGoal
[  0%] Built target _control_msgs_generate_messages_check_deps_QueryCalibrationState
[  0%] Built target actionlib_msgs_generate_messages_lisp
[  0%] Built target _control_msgs_generate_messages_check_deps_SingleJointPositionGoal
[  0%] Built target _control_msgs_generate_messages_check_deps_PointHeadGoal
[  0%] Built target std_msgs_generate_messages_lisp
[  0%] Built target _control_msgs_generate_messages_check_deps_JointTrajectoryControllerState
[  0%] Built target _control_msgs_generate_messages_check_deps_SingleJointPositionActionResult
[  0%] Built target _control_msgs_generate_messages_check_deps_PointHeadAction
[  0%] Built target _control_msgs_generate_messages_check_deps_PointHeadActionFeedback
[  0%] Built target _control_msgs_generate_messages_check_deps_JointTrajectoryActionGoal
[  0%] Built target trajectory_msgs_generate_messages_lisp
[  0%] Built target _control_msgs_generate_messages_check_deps_FollowJointTrajectoryActionResult
[  0%] Built target _control_msgs_generate_messages_check_deps_FollowJointTrajectoryGoal
[  0%] Built target _control_msgs_generate_messages_check_deps_GripperCommandActionResult
[  0%] Built target _control_msgs_generate_messages_check_deps_JointControllerState
[  0%] Built target _control_msgs_generate_messages_check_deps_SingleJointPositionFeedback
[  0%] Built target _control_msgs_generate_messages_check_deps_FollowJointTrajectoryResult
[  0%] Built target _control_msgs_generate_messages_check_deps_JointTrajectoryAction
[  0%] Built target _control_msgs_generate_messages_check_deps_FollowJointTrajectoryActionFeedback
[  0%] Built target _control_msgs_generate_messages_check_deps_GripperCommandFeedback
[  0%] Built target _control_msgs_generate_messages_check_deps_GripperCommandActionGoal
[  0%] Built target _control_msgs_generate_messages_check_deps_GripperCommandResult
[  0%] Built target _control_msgs_generate_messages_check_deps_SingleJointPositionResult
[  0%] Built target geometry_msgs_generate_messages_lisp
[  0%] Built target actionlib_msgs_generate_messages_py
[  0%] Built target trajectory_msgs_generate_messages_py
[  0%] Built target std_msgs_generate_messages_py
[  0%] Built target geometry_msgs_generate_messages_py
[  0%] Built target geometry_msgs_generate_messages_nodejs
[  0%] Built target std_msgs_generate_messages_nodejs
[  0%] Built target actionlib_msgs_generate_messages_nodejs
[  0%] Built target trajectory_msgs_generate_messages_nodejs
[  0%] Built target geometry_msgs_generate_messages_eus
[  0%] Built target std_msgs_generate_messages_eus
[  0%] Built target actionlib_msgs_generate_messages_eus
[  0%] Built target trajectory_msgs_generate_messages_eus
[  0%] Built target trajectory_msgs_generate_messages_cpp
[  0%] Built target geometry_msgs_generate_messages_cpp
[  0%] Built target actionlib_msgs_generate_messages_cpp
[  0%] Built target std_msgs_generate_messages_cpp
[ 19%] Built target control_msgs_generate_messages_lisp
[ 40%] Built target control_msgs_generate_messages_py
[ 60%] Built target control_msgs_generate_messages_nodejs
[ 79%] Built target control_msgs_generate_messages_cpp
[100%] Built target control_msgs_generate_messages_eus
[100%] Built target control_msgs_generate_messages
