[01m[K/home/weety/tart5/src/faceReg/src/facePoseRecognition.cpp:[m[K In function ‘[01m[Kint main(int, char**)[m[K’:
[01m[K/home/weety/tart5/src/faceReg/src/facePoseRecognition.cpp:246:20:[m[K [01;31m[Kerror: [m[K‘[01m[Krotation_vec[m[K’ was not declared in this scope
      cv::Rodrigues(rotation_vec, rotation_mat);
[01;32m[K                    ^[m[K
[01m[K/home/weety/tart5/src/faceReg/src/facePoseRecognition.cpp:247:32:[m[K [01;31m[Kerror: [m[K‘[01m[Ktranslation_vec[m[K’ was not declared in this scope
      cv::hconcat(rotation_mat, translation_vec, pose_mat);
[01;32m[K                                ^[m[K
[01m[K/home/weety/tart5/src/faceReg/src/facePoseRecognition.cpp:248:46:[m[K [01;31m[Kerror: [m[K‘[01m[Kout_intrinsics[m[K’ was not declared in this scope
      cv::decomposeProjectionMatrix(pose_mat, out_intrinsics, out_rotation, out_translation, cv::noArray(), cv::noArray(), cv::noArray(), euler_angle);
[01;32m[K                                              ^[m[K
[01m[K/home/weety/tart5/src/faceReg/src/facePoseRecognition.cpp:248:62:[m[K [01;31m[Kerror: [m[K‘[01m[Kout_rotation[m[K’ was not declared in this scope
      cv::decomposeProjectionMatrix(pose_mat, out_intrinsics, out_rotation, out_translation, cv::noArray(), cv::noArray(), cv::noArray(), euler_angle);
[01;32m[K                                                              ^[m[K
[01m[K/home/weety/tart5/src/faceReg/src/facePoseRecognition.cpp:248:76:[m[K [01;31m[Kerror: [m[K‘[01m[Kout_translation[m[K’ was not declared in this scope
      cv::decomposeProjectionMatrix(pose_mat, out_intrinsics, out_rotation, out_translation, cv::noArray(), cv::noArray(), cv::noArray(), euler_angle);
[01;32m[K                                                                            ^[m[K
[01m[K/home/weety/tart5/src/faceReg/src/facePoseRecognition.cpp:251:6:[m[K [01;31m[Kerror: [m[K‘[01m[Kouttext[m[K’ was not declared in this scope
      outtext << "X: " << std::setprecision(3) << euler_angle.at<double>(0);
[01;32m[K      ^[m[K
make[2]: *** [CMakeFiles/facePoseRecognition.dir/src/facePoseRecognition.cpp.o] Error 1
make[1]: *** [CMakeFiles/facePoseRecognition.dir/all] Error 2
make: *** [all] Error 2
