[  0%] Built target std_msgs_generate_messages_cpp
[  0%] Built target std_msgs_generate_messages_lisp
[  0%] Built target std_msgs_generate_messages_nodejs
[  0%] Built target std_msgs_generate_messages_py
[  0%] Built target _faceReg_generate_messages_check_deps_facePose
[  0%] Built target std_msgs_generate_messages_eus
[  2%] Built target faceReg_generate_messages_cpp
[  2%] Built target faceReg_generate_messages_lisp
[  5%] Built target faceReg_generate_messages_py
[  8%] Built target faceReg_generate_messages_eus
[  9%] Built target faceReg_generate_messages_nodejs
[ 12%] Built target facetrack_sim
[35m[1mScanning dependencies of target face_tablet_tf_broadcaster_2[0m
[ 14%] Built target face_tablet_tf_broadcaster
[ 16%] [32mBuilding CXX object CMakeFiles/face_tablet_tf_broadcaster_2.dir/src/face_tablet_tf_broadcaster_2.cpp.o[0m
[ 18%] Built target facetrack_sim2
[ 18%] Built target faceReg_generate_messages
[ 93%] Built target dlib
[ 95%] Built target facePoseRecognition
[ 98%] Built target faceMoveServo
[100%] [32m[1mLinking CXX executable /home/weety/tart5/devel/.private/faceReg/lib/faceReg/face_tablet_tf_broadcaster_2[0m
[100%] Built target face_tablet_tf_broadcaster_2
