[  0%] Built target std_msgs_generate_messages_cpp
[  0%] Built target _faceReg_generate_messages_check_deps_facePose
[  0%] Built target std_msgs_generate_messages_lisp
[  0%] Built target std_msgs_generate_messages_nodejs
[  0%] Built target std_msgs_generate_messages_py
[  0%] Built target std_msgs_generate_messages_eus
[  1%] Built target faceReg_generate_messages_cpp
[  2%] Built target faceReg_generate_messages_lisp
[  4%] Built target faceReg_generate_messages_nodejs
[  7%] Built target faceReg_generate_messages_py
[ 85%] Built target dlib
[35m[1mScanning dependencies of target facetrack_sim[0m
[ 87%] [32mBuilding CXX object CMakeFiles/facetrack_sim.dir/src/facetrack_sim.cpp.o[0m
[ 90%] Built target faceReg_generate_messages_eus
[ 92%] Built target face_tablet_tf_broadcaster
[ 95%] Built target facePoseRecognition
[ 95%] Built target faceReg_generate_messages
[ 98%] Built target faceMoveServo
[100%] [32m[1mLinking CXX executable /home/weety/tart5/devel/.private/faceReg/lib/faceReg/facetrack_sim[0m
[100%] Built target facetrack_sim
