[01m[K/home/weety/tart5/src/faceReg/src/facetrack_sim.cpp:[m[K In function ‘[01m[Kint main(int, char**)[m[K’:
[01m[K/home/weety/tart5/src/faceReg/src/facetrack_sim.cpp:119:29:[m[K [01;31m[Kerror: [m[K‘[01m[Kmilliseconds[m[K’ was not declared in this scope
   sleep_for(milliseconds(500));
[01;32m[K                             ^[m[K
[01m[K/home/weety/tart5/src/faceReg/src/facetrack_sim.cpp:119:29:[m[K [01;36m[Knote: [m[Ksuggested alternatives:
In file included from [01m[K/usr/include/boost/date_time/posix_time/posix_time_types.hpp:16:0[m[K,
                 from [01m[K/usr/include/boost/thread/thread_time.hpp:11[m[K,
                 from [01m[K/usr/include/boost/thread/lock_types.hpp:18[m[K,
                 from [01m[K/usr/include/boost/thread/pthread/mutex.hpp:16[m[K,
                 from [01m[K/usr/include/boost/thread/mutex.hpp:16[m[K,
                 from [01m[K/opt/ros/kinetic/include/tf/time_cache.h:36[m[K,
                 from [01m[K/opt/ros/kinetic/include/tf/tf.h:43[m[K,
                 from [01m[K/opt/ros/kinetic/include/tf/transform_broadcaster.h:36[m[K,
                 from [01m[K/home/weety/tart5/src/faceReg/src/facetrack_sim.cpp:8[m[K:
[01m[K/usr/include/boost/date_time/posix_time/posix_time_duration.hpp:55:61:[m[K [01;36m[Knote: [m[K  ‘[01m[Kboost::posix_time::milliseconds[m[K’
   typedef date_time::subsecond_duration<time_duration,1000> milliseconds;
[01;32m[K                                                             ^[m[K
In file included from [01m[K/usr/include/boost/chrono/time_point.hpp:33:0[m[K,
                 from [01m[K/usr/include/boost/thread/lock_types.hpp:22[m[K,
                 from [01m[K/usr/include/boost/thread/pthread/mutex.hpp:16[m[K,
                 from [01m[K/usr/include/boost/thread/mutex.hpp:16[m[K,
                 from [01m[K/opt/ros/kinetic/include/tf/time_cache.h:36[m[K,
                 from [01m[K/opt/ros/kinetic/include/tf/tf.h:43[m[K,
                 from [01m[K/opt/ros/kinetic/include/tf/transform_broadcaster.h:36[m[K,
                 from [01m[K/home/weety/tart5/src/faceReg/src/facetrack_sim.cpp:8[m[K:
[01m[K/usr/include/boost/chrono/duration.hpp:200:51:[m[K [01;36m[Knote: [m[K  ‘[01m[Kboost::chrono::milliseconds[m[K’
     typedef duration<boost::int_least64_t, milli> milliseconds;  // at least 45 bits needed
[01;32m[K                                                   ^[m[K
[01m[K/home/weety/tart5/src/faceReg/src/facetrack_sim.cpp:119:30:[m[K [01;31m[Kerror: [m[K‘[01m[Ksleep_for[m[K’ was not declared in this scope
   sleep_for(milliseconds(500));
[01;32m[K                              ^[m[K
[01m[K/home/weety/tart5/src/faceReg/src/facetrack_sim.cpp:119:30:[m[K [01;36m[Knote: [m[Ksuggested alternatives:
In file included from [01m[K/usr/include/boost/thread/thread_only.hpp:26:0[m[K,
                 from [01m[K/usr/include/boost/thread/thread.hpp:12[m[K,
                 from [01m[K/usr/include/boost/thread.hpp:13[m[K,
                 from [01m[K/opt/ros/kinetic/include/tf/transform_listener.h:43[m[K,
                 from [01m[K/home/weety/tart5/src/faceReg/src/facetrack_sim.cpp:9[m[K:
[01m[K/usr/include/boost/thread/v2/thread.hpp:97:10:[m[K [01;36m[Knote: [m[K  ‘[01m[Kboost::this_thread::sleep_for[m[K’
     void sleep_for(const chrono::duration<Rep, Period>& d)
[01;32m[K          ^[m[K
In file included from [01m[K/usr/include/boost/thread/pthread/condition_variable.hpp:12:0[m[K,
                 from [01m[K/usr/include/boost/thread/condition_variable.hpp:16[m[K,
                 from [01m[K/usr/include/boost/thread/pthread/shared_mutex.hpp:14[m[K,
                 from [01m[K/usr/include/boost/thread/shared_mutex.hpp:22[m[K,
                 from [01m[K/opt/ros/kinetic/include/ros/callback_queue.h:44[m[K,
                 from [01m[K/opt/ros/kinetic/include/tf/transform_listener.h:40[m[K,
                 from [01m[K/home/weety/tart5/src/faceReg/src/facetrack_sim.cpp:9[m[K:
[01m[K/usr/include/boost/thread/pthread/thread_data.hpp:233:34:[m[K [01;36m[Knote: [m[K  ‘[01m[Kboost::this_thread::hiden::sleep_for[m[K’
           void BOOST_THREAD_DECL sleep_for(const timespec& ts);
[01;32m[K                                  ^[m[K
In file included from [01m[K/usr/include/boost/thread/thread_only.hpp:26:0[m[K,
                 from [01m[K/usr/include/boost/thread/thread.hpp:12[m[K,
                 from [01m[K/usr/include/boost/thread.hpp:13[m[K,
                 from [01m[K/opt/ros/kinetic/include/tf/transform_listener.h:43[m[K,
                 from [01m[K/home/weety/tart5/src/faceReg/src/facetrack_sim.cpp:9[m[K:
[01m[K/usr/include/boost/thread/v2/thread.hpp:39:10:[m[K [01;36m[Knote: [m[K  ‘[01m[Kboost::this_thread::no_interruption_point::sleep_for[m[K’
     void sleep_for(const chrono::duration<Rep, Period>& d)
[01;32m[K          ^[m[K
In file included from [01m[K/usr/include/boost/thread/pthread/condition_variable.hpp:12:0[m[K,
                 from [01m[K/usr/include/boost/thread/condition_variable.hpp:16[m[K,
                 from [01m[K/usr/include/boost/thread/pthread/shared_mutex.hpp:14[m[K,
                 from [01m[K/usr/include/boost/thread/shared_mutex.hpp:22[m[K,
                 from [01m[K/opt/ros/kinetic/include/ros/callback_queue.h:44[m[K,
                 from [01m[K/opt/ros/kinetic/include/tf/transform_listener.h:40[m[K,
                 from [01m[K/home/weety/tart5/src/faceReg/src/facetrack_sim.cpp:9[m[K:
[01m[K/usr/include/boost/thread/pthread/thread_data.hpp:252:36:[m[K [01;36m[Knote: [m[K  ‘[01m[Kboost::this_thread::no_interruption_point::hiden::sleep_for[m[K’
             void BOOST_THREAD_DECL sleep_for(const timespec& ts);
[01;32m[K                                    ^[m[K
make[2]: *** [CMakeFiles/facetrack_sim.dir/src/facetrack_sim.cpp.o] Error 1
make[1]: *** [CMakeFiles/facetrack_sim.dir/all] Error 2
make: *** [all] Error 2
