[01m[K/home/weety/tart5/src/faceReg/src/faceMoveServo.cpp:[m[K In function ‘[01m[Kint main(int, char**)[m[K’:
[01m[K/home/weety/tart5/src/faceReg/src/faceMoveServo.cpp:66:5:[m[K [01;31m[Kerror: [m[Kexpected ‘[01m[K,[m[K’ or ‘[01m[K;[m[K’ before ‘[01m[KfaceReg[m[K’
     faceReg::facePose rosMsg;
[01;32m[K     ^[m[K
[01m[K/home/weety/tart5/src/faceReg/src/faceMoveServo.cpp:125:17:[m[K [01;31m[Kerror: [m[K‘[01m[KrosMsg[m[K’ was not declared in this scope
                 rosMsg.header.stamp = ros::Time::now();
[01;32m[K                 ^[m[K
[01m[K/home/weety/tart5/src/faceReg/src/faceMoveServo.cpp:133:17:[m[K [01;31m[Kerror: [m[K‘[01m[KfacePose_pub[m[K’ was not declared in this scope
                 facePose_pub.publish(rosMsg);
[01;32m[K                 ^[m[K
[01m[K/home/weety/tart5/src/faceReg/src/faceMoveServo.cpp:159:17:[m[K [01;31m[Kerror: [m[K‘[01m[Kshapes[m[K’ was not declared in this scope
                 shapes.push_back(pose);
[01;32m[K                 ^[m[K
[01m[K/home/weety/tart5/src/faceReg/src/faceMoveServo.cpp:159:34:[m[K [01;31m[Kerror: [m[K‘[01m[Kpose[m[K’ was not declared in this scope
                 shapes.push_back(pose);
[01;32m[K                                  ^[m[K
[01m[K/home/weety/tart5/src/faceReg/src/faceMoveServo.cpp:168:13:[m[K [01;31m[Kerror: [m[Kexpected ‘[01m[Kcatch[m[K’ before ‘[01m[Kwin[m[K’
             win.clear_overlay();
[01;32m[K             ^[m[K
[01m[K/home/weety/tart5/src/faceReg/src/faceMoveServo.cpp:168:13:[m[K [01;31m[Kerror: [m[Kexpected ‘[01m[K([m[K’ before ‘[01m[Kwin[m[K’
[01m[K/home/weety/tart5/src/faceReg/src/faceMoveServo.cpp:168:13:[m[K [01;31m[Kerror: [m[K‘[01m[Kwin[m[K’ does not name a type
[01m[K/home/weety/tart5/src/faceReg/src/faceMoveServo.cpp:168:16:[m[K [01;31m[Kerror: [m[Kexpected ‘[01m[K)[m[K’ before ‘[01m[K.[m[K’ token
             win.clear_overlay();
[01;32m[K                ^[m[K
[01m[K/home/weety/tart5/src/faceReg/src/faceMoveServo.cpp:168:16:[m[K [01;31m[Kerror: [m[Kexpected ‘[01m[K{[m[K’ before ‘[01m[K.[m[K’ token
[01m[K/home/weety/tart5/src/faceReg/src/faceMoveServo.cpp:168:16:[m[K [01;31m[Kerror: [m[Kexpected primary-expression before ‘[01m[K.[m[K’ token
[01m[K/home/weety/tart5/src/faceReg/src/faceMoveServo.cpp:169:13:[m[K [01;31m[Kerror: [m[K‘[01m[Kwin[m[K’ was not declared in this scope
             win.set_image(cimg);
[01;32m[K             ^[m[K
[01m[K/home/weety/tart5/src/faceReg/src/faceMoveServo.cpp:169:27:[m[K [01;31m[Kerror: [m[K‘[01m[Kcimg[m[K’ was not declared in this scope
             win.set_image(cimg);
[01;32m[K                           ^[m[K
[01m[K/home/weety/tart5/src/faceReg/src/faceMoveServo.cpp:170:52:[m[K [01;31m[Kerror: [m[K‘[01m[Kshapes[m[K’ was not declared in this scope
             win.add_overlay(render_face_detections(shapes));
[01;32m[K                                                    ^[m[K
[01m[K/home/weety/tart5/src/faceReg/src/faceMoveServo.cpp:[m[K At global scope:
[01m[K/home/weety/tart5/src/faceReg/src/faceMoveServo.cpp:172:5:[m[K [01;31m[Kerror: [m[Kexpected declaration before ‘[01m[K}[m[K’ token
     }
[01;32m[K     ^[m[K
make[2]: *** [CMakeFiles/faceMoveServo.dir/src/faceMoveServo.cpp.o] Error 1
make[1]: *** [CMakeFiles/faceMoveServo.dir/all] Error 2
make: *** [all] Error 2
