In file included from [01m[K/opt/ros/kinetic/include/ros/publisher.h:34:0[m[K,
                 from [01m[K/opt/ros/kinetic/include/ros/node_handle.h:32[m[K,
                 from [01m[K/opt/ros/kinetic/include/ros/ros.h:45[m[K,
                 from [01m[K/home/weety/tart5/src/faceReg/src/facetrack_sim.cpp:1[m[K:
/opt/ros/kinetic/include/ros/serialization.h: In instantiation of ‘[01m[Kstatic uint32_t ros::serialization::Serializer<T>::serializedLength(typename boost::call_traits<T>::param_type) [with T = visualization_msgs::MarkerArray_<std::allocator<void> > [0]; uint32_t = unsigned int; typename boost::call_traits<T>::param_type = const visualization_msgs::MarkerArray_<std::allocator<void> > (&)[0]][m[K’:
[01m[K/opt/ros/kinetic/include/ros/serialization.h:172:41:[m[K   required from ‘[01m[Kuint32_t ros::serialization::serializationLength(const T&) [with T = visualization_msgs::MarkerArray_<std::allocator<void> > [0]; uint32_t = unsigned int][m[K’
[01m[K/opt/ros/kinetic/include/ros/serialization.h:848:37:[m[K   required from ‘[01m[Kros::SerializedMessage ros::serialization::serializeMessage(const M&) [with M = visualization_msgs::MarkerArray_<std::allocator<void> > [0]][m[K’
[01m[K/opt/ros/kinetic/include/ros/publisher.h:118:26:[m[K   required from ‘[01m[Kvoid ros::Publisher::publish(const M&) const [with M = visualization_msgs::MarkerArray_<std::allocator<void> > [0]][m[K’
[01m[K/home/weety/tart5/src/faceReg/src/facetrack_sim.cpp:75:28:[m[K   required from here
[01m[K/opt/ros/kinetic/include/ros/serialization.h:144:34:[m[K [01;31m[Kerror: [m[Krequest for member ‘[01m[KserializationLength[m[K’ in ‘[01m[Kt[m[K’, which is of non-class type ‘[01m[Kconst visualization_msgs::MarkerArray_<std::allocator<void> > [0][m[K’
     return t.serializationLength();
[01;32m[K                                  ^[m[K
/opt/ros/kinetic/include/ros/serialization.h: In instantiation of ‘[01m[Kstatic void ros::serialization::Serializer<T>::write(Stream&, typename boost::call_traits<T>::param_type) [with Stream = ros::serialization::OStream; T = visualization_msgs::MarkerArray_<std::allocator<void> > [0]; typename boost::call_traits<T>::param_type = const visualization_msgs::MarkerArray_<std::allocator<void> > (&)[0]][m[K’:
[01m[K/opt/ros/kinetic/include/ros/serialization.h:154:23:[m[K   required from ‘[01m[Kvoid ros::serialization::serialize(Stream&, const T&) [with T = visualization_msgs::MarkerArray_<std::allocator<void> > [0]; Stream = ros::serialization::OStream][m[K’
[01m[K/opt/ros/kinetic/include/ros/serialization.h:855:12:[m[K   required from ‘[01m[Kros::SerializedMessage ros::serialization::serializeMessage(const M&) [with M = visualization_msgs::MarkerArray_<std::allocator<void> > [0]][m[K’
[01m[K/opt/ros/kinetic/include/ros/publisher.h:118:26:[m[K   required from ‘[01m[Kvoid ros::Publisher::publish(const M&) const [with M = visualization_msgs::MarkerArray_<std::allocator<void> > [0]][m[K’
[01m[K/home/weety/tart5/src/faceReg/src/facetrack_sim.cpp:75:28:[m[K   required from here
[01m[K/opt/ros/kinetic/include/ros/serialization.h:127:5:[m[K [01;31m[Kerror: [m[Krequest for member ‘[01m[Kserialize[m[K’ in ‘[01m[Kt[m[K’, which is of non-class type ‘[01m[Kconst visualization_msgs::MarkerArray_<std::allocator<void> > [0][m[K’
     t.serialize(stream.getData(), 0);
[01;32m[K     ^[m[K
make[2]: *** [CMakeFiles/facetrack_sim.dir/src/facetrack_sim.cpp.o] Error 1
make[1]: *** [CMakeFiles/facetrack_sim.dir/all] Error 2
make: *** [all] Error 2
