[  0%] Built target std_msgs_generate_messages_cpp
[  0%] Built target _faceReg_generate_messages_check_deps_facePose
[  0%] Built target std_msgs_generate_messages_lisp
[  0%] Built target std_msgs_generate_messages_py
[  0%] Built target std_msgs_generate_messages_nodejs
[ 78%] Built target dlib
[ 80%] Built target faceReg_generate_messages_lisp
[ 80%] Built target std_msgs_generate_messages_eus
[ 81%] Built target faceReg_generate_messages_cpp
[ 84%] Built target faceReg_generate_messages_py
[ 85%] Built target faceReg_generate_messages_nodejs
[ 88%] Built target faceReg_generate_messages_eus
[35m[1mScanning dependencies of target facetrack_sim[0m
[ 90%] [32mBuilding CXX object CMakeFiles/facetrack_sim.dir/src/facetrack_sim.cpp.o[0m
[ 92%] Built target face_tablet_tf_broadcaster
[ 95%] Built target faceMoveServo
[ 95%] Built target faceReg_generate_messages
[ 98%] Built target facePoseRecognition
[100%] [32m[1mLinking CXX executable /home/weety/tart5/devel/.private/faceReg/lib/faceReg/facetrack_sim[0m
[100%] Built target facetrack_sim
