[  0%] Built target std_msgs_generate_messages_cpp
[  0%] Built target std_msgs_generate_messages_lisp
[  0%] Built target std_msgs_generate_messages_py
[  0%] Built target std_msgs_generate_messages_nodejs
[  0%] Built target std_msgs_generate_messages_eus
[  0%] Built target _faceReg_generate_messages_check_deps_facePose
[  2%] Built target faceReg_generate_messages_py
[  4%] Built target faceReg_generate_messages_lisp
[  5%] Built target faceReg_generate_messages_cpp
[  6%] Built target faceReg_generate_messages_nodejs
[  9%] Built target faceReg_generate_messages_eus
[ 83%] Built target dlib
[ 86%] Built target face_tablet_tf_broadcaster
[ 89%] Built target face_tablet_tf_broadcaster_2
[ 89%] Built target faceReg_generate_messages
[ 91%] Built target facetrack_sim2
[35m[1mScanning dependencies of target facePoseRecognition[0m
[ 94%] Built target facetrack_sim
[ 97%] Built target faceMoveServo
[ 98%] [32mBuilding CXX object CMakeFiles/facePoseRecognition.dir/src/facePoseRecognition.cpp.o[0m
[100%] [32m[1mLinking CXX executable /home/weety/tart5/devel/.private/faceReg/lib/faceReg/facePoseRecognition[0m
[100%] Built target facePoseRecognition
