[  0%] Built target std_msgs_generate_messages_cpp
[  0%] Built target std_msgs_generate_messages_lisp
[  0%] Built target std_msgs_generate_messages_py
[  0%] Built target std_msgs_generate_messages_nodejs
[  0%] Built target _faceReg_generate_messages_check_deps_facePose
[  0%] Built target std_msgs_generate_messages_eus
[  1%] Built target faceReg_generate_messages_lisp
[  2%] Built target faceReg_generate_messages_cpp
[  5%] Built target faceReg_generate_messages_py
[  8%] Built target faceReg_generate_messages_eus
[  9%] Built target faceReg_generate_messages_nodejs
[35m[1mScanning dependencies of target face_tablet_tf_broadcaster_2[0m
[ 12%] Built target facetrack_sim
[ 14%] Built target face_tablet_tf_broadcaster
[ 16%] [32mBuilding CXX object CMakeFiles/face_tablet_tf_broadcaster_2.dir/src/face_tablet_tf_broadcaster_2.cpp.o[0m
[ 35%] Built target faceReg_generate_messages
[ 90%] Built target dlib
[ 93%] Built target facetrack_sim2
[ 95%] Built target facePoseRecognition
[ 98%] Built target faceMoveServo
[01m[K/home/weety/tart5/src/faceReg/src/face_tablet_tf_broadcaster_2.cpp:[m[K In function ‘[01m[Kvoid actionNodeCallback(const facePose&)[m[K’:
[01m[K/home/weety/tart5/src/faceReg/src/face_tablet_tf_broadcaster_2.cpp:28:55:[m[K [01;31m[Kerror: [m[Kexpected ‘[01m[K)[m[K’ before ‘[01m[K;[m[K’ token
  transform3.setOrigin(tf::Vector3(0.120, 0.516, 0.341);
[01;32m[K                                                       ^[m[K
CMakeFiles/face_tablet_tf_broadcaster_2.dir/build.make:62: recipe for target 'CMakeFiles/face_tablet_tf_broadcaster_2.dir/src/face_tablet_tf_broadcaster_2.cpp.o' failed
make[2]: *** [CMakeFiles/face_tablet_tf_broadcaster_2.dir/src/face_tablet_tf_broadcaster_2.cpp.o] Error 1
CMakeFiles/Makefile2:67: recipe for target 'CMakeFiles/face_tablet_tf_broadcaster_2.dir/all' failed
make[1]: *** [CMakeFiles/face_tablet_tf_broadcaster_2.dir/all] Error 2
Makefile:127: recipe for target 'all' failed
make: *** [all] Error 2
