[  0%] Built target std_msgs_generate_messages_cpp
[  0%] Built target std_msgs_generate_messages_lisp
[  0%] Built target std_msgs_generate_messages_nodejs
[  0%] Built target std_msgs_generate_messages_py
[  0%] Built target _faceReg_generate_messages_check_deps_facePose
[  0%] Built target std_msgs_generate_messages_eus
[  1%] Built target faceReg_generate_messages_lisp
[  2%] Built target faceReg_generate_messages_cpp
[  5%] Built target faceReg_generate_messages_py
[35m[1mScanning dependencies of target face_tablet_tf_broadcaster_2[0m
[  6%] Built target faceReg_generate_messages_nodejs
[  9%] Built target faceReg_generate_messages_eus
[ 11%] [32mBuilding CXX object CMakeFiles/face_tablet_tf_broadcaster_2.dir/src/face_tablet_tf_broadcaster_2.cpp.o[0m
[ 13%] Built target facetrack_sim2
[ 16%] Built target face_tablet_tf_broadcaster
[ 16%] Built target faceReg_generate_messages
[ 93%] Built target dlib
[ 95%] Built target facetrack_sim
[ 98%] Built target facePoseRecognition
[100%] [32m[1mLinking CXX executable /home/weety/tart5/devel/.private/faceReg/lib/faceReg/face_tablet_tf_broadcaster_2[0m
[100%] Built target face_tablet_tf_broadcaster_2
