[  0%] Built target std_msgs_generate_messages_cpp
[  0%] Built target _faceReg_generate_messages_check_deps_facePose
[  0%] Built target std_msgs_generate_messages_lisp
[  0%] Built target std_msgs_generate_messages_nodejs
[  0%] Built target std_msgs_generate_messages_py
[  0%] Built target std_msgs_generate_messages_eus
[  1%] Built target faceReg_generate_messages_lisp
[  2%] Built target faceReg_generate_messages_cpp
[  5%] Built target faceReg_generate_messages_py
[  7%] Built target faceReg_generate_messages_nodejs
[ 10%] Built target faceReg_generate_messages_eus
[ 12%] Built target facetrack_sim
[35m[1mScanning dependencies of target face_tablet_tf_broadcaster[0m
[ 91%] Built target dlib
[ 92%] [32mBuilding CXX object CMakeFiles/face_tablet_tf_broadcaster.dir/src/face_tablet_tf_broadcaster.cpp.o[0m
[ 92%] Built target faceReg_generate_messages
[ 95%] Built target faceMoveServo
[ 98%] Built target facePoseRecognition
[100%] [32m[1mLinking CXX executable /home/weety/tart5/devel/.private/faceReg/lib/faceReg/face_tablet_tf_broadcaster[0m
[100%] Built target face_tablet_tf_broadcaster
