[  0%] Built target std_msgs_generate_messages_cpp
[  0%] Built target std_msgs_generate_messages_lisp
[  0%] Built target _faceReg_generate_messages_check_deps_facePose
[  0%] Built target std_msgs_generate_messages_py
[  0%] Built target std_msgs_generate_messages_nodejs
[  0%] Built target std_msgs_generate_messages_eus
[  1%] Built target faceReg_generate_messages_cpp
[  2%] Built target faceReg_generate_messages_lisp
[  5%] Built target faceReg_generate_messages_py
[  6%] Built target faceReg_generate_messages_nodejs
[  9%] Built target faceReg_generate_messages_eus
[ 12%] Built target facetrack_sim
[ 14%] Built target face_tablet_tf_broadcaster_2
[35m[1mScanning dependencies of target facetrack_sim2[0m
[ 89%] Built target dlib
[ 91%] Built target face_tablet_tf_broadcaster
[ 91%] Built target faceReg_generate_messages
[ 93%] [32mBuilding CXX object CMakeFiles/facetrack_sim2.dir/src/facetrack_sim2.cpp.o[0m
[ 95%] Built target facePoseRecognition
[ 98%] Built target faceMoveServo
[01m[K/home/weety/tart5/src/faceReg/src/facetrack_sim2.cpp:[m[K In function ‘[01m[Kint main(int, char**)[m[K’:
[01m[K/home/weety/tart5/src/faceReg/src/facetrack_sim2.cpp:109:4:[m[K [01;31m[Kerror: [m[Kexpected primary-expression before ‘[01m[K/[m[K’ token
   */
[01;32m[K    ^[m[K
CMakeFiles/facetrack_sim2.dir/build.make:62: recipe for target 'CMakeFiles/facetrack_sim2.dir/src/facetrack_sim2.cpp.o' failed
make[2]: *** [CMakeFiles/facetrack_sim2.dir/src/facetrack_sim2.cpp.o] Error 1
CMakeFiles/Makefile2:141: recipe for target 'CMakeFiles/facetrack_sim2.dir/all' failed
make[1]: *** [CMakeFiles/facetrack_sim2.dir/all] Error 2
Makefile:127: recipe for target 'all' failed
make: *** [all] Error 2
