[01m[K/home/weety/tart5/src/faceReg/src/faceMoveServo.cpp:[m[K In function ‘[01m[Kint main(int, char**)[m[K’:
[01m[K/home/weety/tart5/src/faceReg/src/faceMoveServo.cpp:155:51:[m[K [01;31m[Kerror: [m[K‘[01m[Kservo_1[m[K’ was not declared in this scope
      joint_states_msg.position = {0.0,0.0,0.0,0.0,servo_1,servo_2};
[01;32m[K                                                   ^[m[K
[01m[K/home/weety/tart5/src/faceReg/src/faceMoveServo.cpp:155:59:[m[K [01;31m[Kerror: [m[K‘[01m[Kservo_2[m[K’ was not declared in this scope
      joint_states_msg.position = {0.0,0.0,0.0,0.0,servo_1,servo_2};
[01;32m[K                                                           ^[m[K
[01m[K/home/weety/tart5/src/faceReg/src/faceMoveServo.cpp:155:32:[m[K [01;31m[Kerror: [m[Kno match for ‘[01m[Koperator=[m[K’ (operand types are ‘[01m[Ksensor_msgs::JointState_<std::allocator<void> >::_position_type {aka std::vector<double>}[m[K’ and ‘[01m[K<brace-enclosed initializer list>[m[K’)
      joint_states_msg.position = {0.0,0.0,0.0,0.0,servo_1,servo_2};
[01;32m[K                                ^[m[K
In file included from [01m[K/usr/include/c++/5/vector:69:0[m[K,
                 from [01m[K/usr/include/c++/5/bits/random.h:34[m[K,
                 from [01m[K/usr/include/c++/5/random:49[m[K,
                 from [01m[K/usr/include/c++/5/bits/stl_algo.h:66[m[K,
                 from [01m[K/usr/include/c++/5/algorithm:62[m[K,
                 from [01m[K/opt/ros/kinetic/include/opencv-3.2.0-dev/opencv2/core/base.hpp:55[m[K,
                 from [01m[K/opt/ros/kinetic/include/opencv-3.2.0-dev/opencv2/core.hpp:54[m[K,
                 from [01m[K/opt/ros/kinetic/include/opencv-3.2.0-dev/opencv2/core/core.hpp:48[m[K,
                 from [01m[K/home/weety/dlib-19.6/dlib/../dlib/opencv/cv_image.h:6[m[K,
                 from [01m[K/home/weety/dlib-19.6/dlib/../dlib/opencv.h:10[m[K,
                 from [01m[K/home/weety/tart5/src/faceReg/src/faceMoveServo.cpp:30[m[K:
[01m[K/usr/include/c++/5/bits/vector.tcc:167:5:[m[K [01;36m[Knote: [m[Kcandidate: std::vector<_Tp, _Alloc>& std::vector<_Tp, _Alloc>::operator=(const std::vector<_Tp, _Alloc>&) [with _Tp = double; _Alloc = std::allocator<double>]
     vector<_Tp, _Alloc>::
[01;32m[K     ^[m[K
[01m[K/usr/include/c++/5/bits/vector.tcc:167:5:[m[K [01;36m[Knote: [m[K  no known conversion for argument 1 from ‘[01m[K<brace-enclosed initializer list>[m[K’ to ‘[01m[Kconst std::vector<double>&[m[K’
In file included from [01m[K/usr/include/c++/5/vector:64:0[m[K,
                 from [01m[K/usr/include/c++/5/bits/random.h:34[m[K,
                 from [01m[K/usr/include/c++/5/random:49[m[K,
                 from [01m[K/usr/include/c++/5/bits/stl_algo.h:66[m[K,
                 from [01m[K/usr/include/c++/5/algorithm:62[m[K,
                 from [01m[K/opt/ros/kinetic/include/opencv-3.2.0-dev/opencv2/core/base.hpp:55[m[K,
                 from [01m[K/opt/ros/kinetic/include/opencv-3.2.0-dev/opencv2/core.hpp:54[m[K,
                 from [01m[K/opt/ros/kinetic/include/opencv-3.2.0-dev/opencv2/core/core.hpp:48[m[K,
                 from [01m[K/home/weety/dlib-19.6/dlib/../dlib/opencv/cv_image.h:6[m[K,
                 from [01m[K/home/weety/dlib-19.6/dlib/../dlib/opencv.h:10[m[K,
                 from [01m[K/home/weety/tart5/src/faceReg/src/faceMoveServo.cpp:30[m[K:
[01m[K/usr/include/c++/5/bits/stl_vector.h:448:7:[m[K [01;36m[Knote: [m[Kcandidate: std::vector<_Tp, _Alloc>& std::vector<_Tp, _Alloc>::operator=(std::vector<_Tp, _Alloc>&&) [with _Tp = double; _Alloc = std::allocator<double>]
       operator=(vector&& __x) noexcept(_Alloc_traits::_S_nothrow_move())
[01;32m[K       ^[m[K
[01m[K/usr/include/c++/5/bits/stl_vector.h:448:7:[m[K [01;36m[Knote: [m[K  no known conversion for argument 1 from ‘[01m[K<brace-enclosed initializer list>[m[K’ to ‘[01m[Kstd::vector<double>&&[m[K’
[01m[K/usr/include/c++/5/bits/stl_vector.h:470:7:[m[K [01;36m[Knote: [m[Kcandidate: std::vector<_Tp, _Alloc>& std::vector<_Tp, _Alloc>::operator=(std::initializer_list<_Tp>) [with _Tp = double; _Alloc = std::allocator<double>]
       operator=(initializer_list<value_type> __l)
[01;32m[K       ^[m[K
[01m[K/usr/include/c++/5/bits/stl_vector.h:470:7:[m[K [01;36m[Knote: [m[K  no known conversion for argument 1 from ‘[01m[K<brace-enclosed initializer list>[m[K’ to ‘[01m[Kstd::initializer_list<double>[m[K’
make[2]: *** [CMakeFiles/faceMoveServo.dir/src/faceMoveServo.cpp.o] Error 1
make[1]: *** [CMakeFiles/faceMoveServo.dir/all] Error 2
make: *** [all] Error 2
