[01m[K/home/weety/tart5/src/faceReg/src/faceMoveServo.cpp:[m[K In function ‘[01m[Kint main(int, char**)[m[K’:
[01m[K/home/weety/tart5/src/faceReg/src/faceMoveServo.cpp:115:44:[m[K [01;31m[Kerror: [m[Kconversion from ‘[01m[Kint[m[K’ to non-scalar type ‘[01m[Kstd::vector<dlib::rectangle>[m[K’ requested
             std::vector<rectangle> faces = 0;
[01;32m[K                                            ^[m[K
[01m[K/home/weety/tart5/src/faceReg/src/faceMoveServo.cpp:207:27:[m[K [01;31m[Kerror: [m[K‘[01m[Kcimg[m[K’ was not declared in this scope
             win.set_image(cimg);
[01;32m[K                           ^[m[K
[01m[K/home/weety/tart5/src/faceReg/src/faceMoveServo.cpp:208:52:[m[K [01;31m[Kerror: [m[K‘[01m[Kshapes[m[K’ was not declared in this scope
             win.add_overlay(render_face_detections(shapes));
[01;32m[K                                                    ^[m[K
[01m[K/home/weety/tart5/src/faceReg/src/faceMoveServo.cpp:211:5:[m[K [01;31m[Kerror: [m[Kexpected ‘[01m[Kcatch[m[K’ before ‘[01m[K}[m[K’ token
     }
[01;32m[K     ^[m[K
[01m[K/home/weety/tart5/src/faceReg/src/faceMoveServo.cpp:211:5:[m[K [01;31m[Kerror: [m[Kexpected ‘[01m[K([m[K’ before ‘[01m[K}[m[K’ token
[01m[K/home/weety/tart5/src/faceReg/src/faceMoveServo.cpp:211:5:[m[K [01;31m[Kerror: [m[Kexpected type-specifier before ‘[01m[K}[m[K’ token
[01m[K/home/weety/tart5/src/faceReg/src/faceMoveServo.cpp:211:5:[m[K [01;31m[Kerror: [m[Kexpected ‘[01m[K)[m[K’ before ‘[01m[K}[m[K’ token
[01m[K/home/weety/tart5/src/faceReg/src/faceMoveServo.cpp:211:5:[m[K [01;31m[Kerror: [m[Kexpected ‘[01m[K{[m[K’ before ‘[01m[K}[m[K’ token
[01m[K/home/weety/tart5/src/faceReg/src/faceMoveServo.cpp:[m[K At global scope:
[01m[K/home/weety/tart5/src/faceReg/src/faceMoveServo.cpp:212:5:[m[K [01;31m[Kerror: [m[Kexpected unqualified-id before ‘[01m[Kcatch[m[K’
     catch(serialization_error& e)
[01;32m[K     ^[m[K
[01m[K/home/weety/tart5/src/faceReg/src/faceMoveServo.cpp:219:5:[m[K [01;31m[Kerror: [m[Kexpected unqualified-id before ‘[01m[Kcatch[m[K’
     catch(exception& e)
[01;32m[K     ^[m[K
[01m[K/home/weety/tart5/src/faceReg/src/faceMoveServo.cpp:223:1:[m[K [01;31m[Kerror: [m[Kexpected declaration before ‘[01m[K}[m[K’ token
 }
[01;32m[K ^[m[K
make[2]: *** [CMakeFiles/faceMoveServo.dir/src/faceMoveServo.cpp.o] Error 1
make[1]: *** [CMakeFiles/faceMoveServo.dir/all] Error 2
make: *** [all] Error 2
