[  0%] Built target std_msgs_generate_messages_cpp
[  0%] Built target _faceReg_generate_messages_check_deps_facePose
[  0%] Built target std_msgs_generate_messages_lisp
[  0%] Built target std_msgs_generate_messages_py
[  0%] Built target std_msgs_generate_messages_nodejs
[  1%] Built target faceReg_generate_messages_cpp
[  1%] Built target std_msgs_generate_messages_eus
[  2%] Built target faceReg_generate_messages_lisp
[ 81%] Built target dlib
[ 84%] Built target faceReg_generate_messages_py
[ 85%] Built target faceReg_generate_messages_nodejs
[35m[1mScanning dependencies of target facetrack_sim[0m
[ 87%] [32mBuilding CXX object CMakeFiles/facetrack_sim.dir/src/facetrack_sim.cpp.o[0m
[ 90%] Built target faceReg_generate_messages_eus
[ 92%] Built target face_tablet_tf_broadcaster
[ 95%] Built target faceMoveServo
[ 95%] Built target faceReg_generate_messages
[ 98%] Built target facePoseRecognition
[01m[K/home/weety/tart5/src/faceReg/src/facetrack_sim.cpp:[m[K In function ‘[01m[Kint main(int, char**)[m[K’:
[01m[K/home/weety/tart5/src/faceReg/src/facetrack_sim.cpp:124:14:[m[K [01;31m[Kerror: [m[Kredeclaration of ‘[01m[Kros::Time now[m[K’
    ros::Time now = ros::Time::now();
[01;32m[K              ^[m[K
[01m[K/home/weety/tart5/src/faceReg/src/facetrack_sim.cpp:121:14:[m[K [01;36m[Knote: [m[K‘[01m[Kros::Time now[m[K’ previously declared here
    ros::Time now = ros::Time::now();
[01;32m[K              ^[m[K
CMakeFiles/facetrack_sim.dir/build.make:62: recipe for target 'CMakeFiles/facetrack_sim.dir/src/facetrack_sim.cpp.o' failed
make[2]: *** [CMakeFiles/facetrack_sim.dir/src/facetrack_sim.cpp.o] Error 1
make[1]: *** [CMakeFiles/facetrack_sim.dir/all] Error 2
CMakeFiles/Makefile2:859: recipe for target 'CMakeFiles/facetrack_sim.dir/all' failed
Makefile:127: recipe for target 'all' failed
make: *** [all] Error 2
