[  0%] Built target std_msgs_generate_messages_lisp
[  0%] Built target std_msgs_generate_messages_cpp
[  0%] Built target std_msgs_generate_messages_py
[  0%] Built target _faceReg_generate_messages_check_deps_facePose
[  0%] Built target std_msgs_generate_messages_nodejs
[  1%] Built target faceReg_generate_messages_lisp
[  1%] Built target std_msgs_generate_messages_eus
[  2%] Built target faceReg_generate_messages_cpp
[  4%] Built target faceReg_generate_messages_nodejs
[  6%] Built target faceReg_generate_messages_py
[  9%] Built target facetrack_sim
[35m[1mScanning dependencies of target face_tablet_tf_broadcaster_2[0m
[ 12%] Built target faceReg_generate_messages_eus
[ 86%] Built target dlib
[ 87%] [32mBuilding CXX object CMakeFiles/face_tablet_tf_broadcaster_2.dir/src/face_tablet_tf_broadcaster_2.cpp.o[0m
[ 90%] Built target face_tablet_tf_broadcaster
[ 93%] Built target facetrack_sim2
[ 93%] Built target faceReg_generate_messages
[ 95%] Built target faceMoveServo
[ 98%] Built target facePoseRecognition
[100%] [32m[1mLinking CXX executable /home/weety/tart5/devel/.private/faceReg/lib/faceReg/face_tablet_tf_broadcaster_2[0m
[100%] Built target face_tablet_tf_broadcaster_2
