[  0%] Built target std_msgs_generate_messages_cpp
[  0%] Built target std_msgs_generate_messages_lisp
[  0%] Built target _faceReg_generate_messages_check_deps_facePose
[  0%] Built target std_msgs_generate_messages_nodejs
[  0%] Built target std_msgs_generate_messages_py
[  0%] Built target std_msgs_generate_messages_eus
[  1%] Built target faceReg_generate_messages_cpp
[  2%] Built target faceReg_generate_messages_lisp
[ 77%] Built target dlib
[ 79%] Built target faceReg_generate_messages_py
[ 81%] Built target faceReg_generate_messages_nodejs
[ 83%] Built target facetrack_sim
[ 86%] Built target faceReg_generate_messages_eus
[35m[1mScanning dependencies of target face_tablet_tf_broadcaster_2[0m
[ 89%] Built target face_tablet_tf_broadcaster
[ 91%] Built target faceMoveServo
[ 94%] Built target facePoseRecognition
[ 95%] [32mBuilding CXX object CMakeFiles/face_tablet_tf_broadcaster_2.dir/src/face_tablet_tf_broadcaster_2.cpp.o[0m
[ 95%] Built target faceReg_generate_messages
[ 98%] Built target facetrack_sim2
[100%] [32m[1mLinking CXX executable /home/weety/tart5/devel/.private/faceReg/lib/faceReg/face_tablet_tf_broadcaster_2[0m
[100%] Built target face_tablet_tf_broadcaster_2
