[  0%] Built target std_msgs_generate_messages_cpp
[  0%] Built target std_msgs_generate_messages_lisp
[  0%] Built target std_msgs_generate_messages_py
[  0%] Built target _faceReg_generate_messages_check_deps_facePose
[  0%] Built target std_msgs_generate_messages_nodejs
[  0%] Built target std_msgs_generate_messages_eus
[  1%] Built target faceReg_generate_messages_lisp
[  2%] Built target faceReg_generate_messages_cpp
[  5%] Built target faceReg_generate_messages_py
[  7%] Built target faceReg_generate_messages_nodejs
[35m[1mScanning dependencies of target facetrack_sim[0m
[ 10%] Built target faceReg_generate_messages_eus
[ 88%] Built target dlib
[ 90%] [32mBuilding CXX object CMakeFiles/facetrack_sim.dir/src/facetrack_sim.cpp.o[0m
[ 92%] Built target face_tablet_tf_broadcaster
[ 92%] Built target faceReg_generate_messages
[ 95%] Built target faceMoveServo
[ 98%] Built target facePoseRecognition
[01m[K/home/weety/tart5/src/faceReg/src/facetrack_sim.cpp:[m[K In function ‘[01m[Kint main(int, char**)[m[K’:
[01m[K/home/weety/tart5/src/faceReg/src/facetrack_sim.cpp:119:16:[m[K [01;31m[Kerror: [m[K‘[01m[Ksleep_for[m[K’ was not declared in this scope
   sleep_for(0.5);
[01;32m[K                ^[m[K
[01m[K/home/weety/tart5/src/faceReg/src/facetrack_sim.cpp:119:16:[m[K [01;36m[Knote: [m[Ksuggested alternatives:
In file included from [01m[K/usr/include/boost/thread/thread_only.hpp:26:0[m[K,
                 from [01m[K/usr/include/boost/thread/thread.hpp:12[m[K,
                 from [01m[K/usr/include/boost/thread.hpp:13[m[K,
                 from [01m[K/opt/ros/kinetic/include/tf/transform_listener.h:43[m[K,
                 from [01m[K/home/weety/tart5/src/faceReg/src/facetrack_sim.cpp:9[m[K:
[01m[K/usr/include/boost/thread/v2/thread.hpp:97:10:[m[K [01;36m[Knote: [m[K  ‘[01m[Kboost::this_thread::sleep_for[m[K’
     void sleep_for(const chrono::duration<Rep, Period>& d)
[01;32m[K          ^[m[K
In file included from [01m[K/usr/include/boost/thread/pthread/condition_variable.hpp:12:0[m[K,
                 from [01m[K/usr/include/boost/thread/condition_variable.hpp:16[m[K,
                 from [01m[K/usr/include/boost/thread/pthread/shared_mutex.hpp:14[m[K,
                 from [01m[K/usr/include/boost/thread/shared_mutex.hpp:22[m[K,
                 from [01m[K/opt/ros/kinetic/include/ros/callback_queue.h:44[m[K,
                 from [01m[K/opt/ros/kinetic/include/tf/transform_listener.h:40[m[K,
                 from [01m[K/home/weety/tart5/src/faceReg/src/facetrack_sim.cpp:9[m[K:
[01m[K/usr/include/boost/thread/pthread/thread_data.hpp:233:34:[m[K [01;36m[Knote: [m[K  ‘[01m[Kboost::this_thread::hiden::sleep_for[m[K’
           void BOOST_THREAD_DECL sleep_for(const timespec& ts);
[01;32m[K                                  ^[m[K
In file included from [01m[K/usr/include/boost/thread/thread_only.hpp:26:0[m[K,
                 from [01m[K/usr/include/boost/thread/thread.hpp:12[m[K,
                 from [01m[K/usr/include/boost/thread.hpp:13[m[K,
                 from [01m[K/opt/ros/kinetic/include/tf/transform_listener.h:43[m[K,
                 from [01m[K/home/weety/tart5/src/faceReg/src/facetrack_sim.cpp:9[m[K:
[01m[K/usr/include/boost/thread/v2/thread.hpp:39:10:[m[K [01;36m[Knote: [m[K  ‘[01m[Kboost::this_thread::no_interruption_point::sleep_for[m[K’
     void sleep_for(const chrono::duration<Rep, Period>& d)
[01;32m[K          ^[m[K
In file included from [01m[K/usr/include/boost/thread/pthread/condition_variable.hpp:12:0[m[K,
                 from [01m[K/usr/include/boost/thread/condition_variable.hpp:16[m[K,
                 from [01m[K/usr/include/boost/thread/pthread/shared_mutex.hpp:14[m[K,
                 from [01m[K/usr/include/boost/thread/shared_mutex.hpp:22[m[K,
                 from [01m[K/opt/ros/kinetic/include/ros/callback_queue.h:44[m[K,
                 from [01m[K/opt/ros/kinetic/include/tf/transform_listener.h:40[m[K,
                 from [01m[K/home/weety/tart5/src/faceReg/src/facetrack_sim.cpp:9[m[K:
[01m[K/usr/include/boost/thread/pthread/thread_data.hpp:252:36:[m[K [01;36m[Knote: [m[K  ‘[01m[Kboost::this_thread::no_interruption_point::hiden::sleep_for[m[K’
             void BOOST_THREAD_DECL sleep_for(const timespec& ts);
[01;32m[K                                    ^[m[K
CMakeFiles/facetrack_sim.dir/build.make:62: recipe for target 'CMakeFiles/facetrack_sim.dir/src/facetrack_sim.cpp.o' failed
make[2]: *** [CMakeFiles/facetrack_sim.dir/src/facetrack_sim.cpp.o] Error 1
CMakeFiles/Makefile2:859: recipe for target 'CMakeFiles/facetrack_sim.dir/all' failed
make[1]: *** [CMakeFiles/facetrack_sim.dir/all] Error 2
Makefile:127: recipe for target 'all' failed
make: *** [all] Error 2
