[  0%] Built target std_msgs_generate_messages_cpp
[  0%] Built target _faceReg_generate_messages_check_deps_facePose
[ 74%] Built target dlib
[ 74%] Built target std_msgs_generate_messages_lisp
[ 74%] Built target std_msgs_generate_messages_py
[ 74%] Built target std_msgs_generate_messages_nodejs
[ 75%] Built target faceReg_generate_messages_cpp
[ 75%] Built target std_msgs_generate_messages_eus
[ 77%] Built target faceReg_generate_messages_lisp
[ 79%] Built target faceReg_generate_messages_py
[ 81%] Built target faceReg_generate_messages_nodejs
[ 83%] Built target faceReg_generate_messages_eus
[ 86%] Built target facetrack_sim
[35m[1mScanning dependencies of target face_tablet_tf_broadcaster_2[0m
[ 87%] [32mBuilding CXX object CMakeFiles/face_tablet_tf_broadcaster_2.dir/src/face_tablet_tf_broadcaster_2.cpp.o[0m
[ 90%] Built target face_tablet_tf_broadcaster
[ 93%] Built target faceMoveServo
[ 95%] Built target facetrack_sim2
[ 95%] Built target faceReg_generate_messages
[35m[1mScanning dependencies of target facePoseRecognition[0m
[ 97%] [32mBuilding CXX object CMakeFiles/facePoseRecognition.dir/src/facePoseRecognition.cpp.o[0m
[01m[K/home/weety/tart5/src/faceReg/src/face_tablet_tf_broadcaster_2.cpp:[m[K In function ‘[01m[Kint main(int, char**)[m[K’:
[01m[K/home/weety/tart5/src/faceReg/src/face_tablet_tf_broadcaster_2.cpp:73:37:[m[K [01;31m[Kerror: [m[Kexpected primary-expression before ‘[01m[K([m[K’ token
    transform1.setOrigin( tf::Vector3(0, transform1.getOrigin().y(),)transform1.getOrigin().z());
[01;32m[K                                     ^[m[K
[01m[K/home/weety/tart5/src/faceReg/src/face_tablet_tf_broadcaster_2.cpp:73:68:[m[K [01;31m[Kerror: [m[Kexpected primary-expression before ‘[01m[K)[m[K’ token
    transform1.setOrigin( tf::Vector3(0, transform1.getOrigin().y(),)transform1.getOrigin().z());
[01;32m[K                                                                    ^[m[K
CMakeFiles/face_tablet_tf_broadcaster_2.dir/build.make:62: recipe for target 'CMakeFiles/face_tablet_tf_broadcaster_2.dir/src/face_tablet_tf_broadcaster_2.cpp.o' failed
make[2]: *** [CMakeFiles/face_tablet_tf_broadcaster_2.dir/src/face_tablet_tf_broadcaster_2.cpp.o] Error 1
CMakeFiles/Makefile2:67: recipe for target 'CMakeFiles/face_tablet_tf_broadcaster_2.dir/all' failed
make[1]: *** [CMakeFiles/face_tablet_tf_broadcaster_2.dir/all] Error 2
make[1]: *** Waiting for unfinished jobs....
[ 98%] [32m[1mLinking CXX executable /home/weety/tart5/devel/.private/faceReg/lib/faceReg/facePoseRecognition[0m
[ 98%] Built target facePoseRecognition
Makefile:127: recipe for target 'all' failed
make: *** [all] Error 2
