Determining if the pthread_create exist failed with the following output:
Change Dir: /home/weety/tart5/build/face_tracker/CMakeFiles/CMakeTmp

Run Build Command:"/usr/bin/make" "cmTC_67182/fast"
/usr/bin/make -f CMakeFiles/cmTC_67182.dir/build.make CMakeFiles/cmTC_67182.dir/build
make[1]: Entering directory '/home/weety/tart5/build/face_tracker/CMakeFiles/CMakeTmp'
Building C object CMakeFiles/cmTC_67182.dir/CheckSymbolExists.c.o
/usr/bin/cc     -o CMakeFiles/cmTC_67182.dir/CheckSymbolExists.c.o   -c /home/weety/tart5/build/face_tracker/CMakeFiles/CMakeTmp/CheckSymbolExists.c
Linking C executable cmTC_67182
/usr/bin/cmake -E cmake_link_script CMakeFiles/cmTC_67182.dir/link.txt --verbose=1
/usr/bin/cc       CMakeFiles/cmTC_67182.dir/CheckSymbolExists.c.o  -o cmTC_67182 -rdynamic 
CMakeFiles/cmTC_67182.dir/CheckSymbolExists.c.o: In function `main':
CheckSymbolExists.c:(.text+0x16): undefined reference to `pthread_create'
collect2: error: ld returned 1 exit status
CMakeFiles/cmTC_67182.dir/build.make:97: recipe for target 'cmTC_67182' failed
make[1]: *** [cmTC_67182] Error 1
make[1]: Leaving directory '/home/weety/tart5/build/face_tracker/CMakeFiles/CMakeTmp'
Makefile:126: recipe for target 'cmTC_67182/fast' failed
make: *** [cmTC_67182/fast] Error 2

File /home/weety/tart5/build/face_tracker/CMakeFiles/CMakeTmp/CheckSymbolExists.c:
/* */
#include <pthread.h>

int main(int argc, char** argv)
{
  (void)argv;
#ifndef pthread_create
  return ((int*)(&pthread_create))[argc];
#else
  (void)argc;
  return 0;
#endif
}

Determining if the function pthread_create exists in the pthreads failed with the following output:
Change Dir: /home/weety/tart5/build/face_tracker/CMakeFiles/CMakeTmp

Run Build Command:"/usr/bin/make" "cmTC_8ee09/fast"
/usr/bin/make -f CMakeFiles/cmTC_8ee09.dir/build.make CMakeFiles/cmTC_8ee09.dir/build
make[1]: Entering directory '/home/weety/tart5/build/face_tracker/CMakeFiles/CMakeTmp'
Building C object CMakeFiles/cmTC_8ee09.dir/CheckFunctionExists.c.o
/usr/bin/cc    -DCHECK_FUNCTION_EXISTS=pthread_create   -o CMakeFiles/cmTC_8ee09.dir/CheckFunctionExists.c.o   -c /usr/share/cmake-3.5/Modules/CheckFunctionExists.c
Linking C executable cmTC_8ee09
/usr/bin/cmake -E cmake_link_script CMakeFiles/cmTC_8ee09.dir/link.txt --verbose=1
/usr/bin/cc   -DCHECK_FUNCTION_EXISTS=pthread_create    CMakeFiles/cmTC_8ee09.dir/CheckFunctionExists.c.o  -o cmTC_8ee09 -rdynamic -lpthreads 
/usr/bin/ld: cannot find -lpthreads
collect2: error: ld returned 1 exit status
CMakeFiles/cmTC_8ee09.dir/build.make:97: recipe for target 'cmTC_8ee09' failed
make[1]: *** [cmTC_8ee09] Error 1
make[1]: Leaving directory '/home/weety/tart5/build/face_tracker/CMakeFiles/CMakeTmp'
Makefile:126: recipe for target 'cmTC_8ee09/fast' failed
make: *** [cmTC_8ee09/fast] Error 2


Determining if the function sgetrf_single exists failed with the following output:
Change Dir: /home/weety/tart5/build/face_tracker/CMakeFiles/CMakeTmp

Run Build Command:"/usr/bin/make" "cmTC_dbc95/fast"
make[1]: Entering directory '/home/weety/tart5/build/face_tracker/CMakeFiles/CMakeTmp'
/usr/bin/make -f CMakeFiles/cmTC_dbc95.dir/build.make CMakeFiles/cmTC_dbc95.dir/build
make[2]: Entering directory '/home/weety/tart5/build/face_tracker/CMakeFiles/CMakeTmp'
Building C object CMakeFiles/cmTC_dbc95.dir/CheckFunctionExists.c.o
/usr/bin/cc    -DCHECK_FUNCTION_EXISTS=sgetrf_single   -o CMakeFiles/cmTC_dbc95.dir/CheckFunctionExists.c.o   -c /usr/share/cmake-3.5/Modules/CheckFunctionExists.c
Linking C executable cmTC_dbc95
/usr/bin/cmake -E cmake_link_script CMakeFiles/cmTC_dbc95.dir/link.txt --verbose=1
/usr/bin/cc   -DCHECK_FUNCTION_EXISTS=sgetrf_single    CMakeFiles/cmTC_dbc95.dir/CheckFunctionExists.c.o  -o cmTC_dbc95 -rdynamic /usr/lib/libcblas.so 
CMakeFiles/cmTC_dbc95.dir/CheckFunctionExists.c.o: In function `main':
CheckFunctionExists.c:(.text+0x15): undefined reference to `sgetrf_single'
collect2: error: ld returned 1 exit status
CMakeFiles/cmTC_dbc95.dir/build.make:98: recipe for target 'cmTC_dbc95' failed
make[2]: *** [cmTC_dbc95] Error 1
make[2]: Leaving directory '/home/weety/tart5/build/face_tracker/CMakeFiles/CMakeTmp'
Makefile:126: recipe for target 'cmTC_dbc95/fast' failed
make[1]: *** [cmTC_dbc95/fast] Error 2
make[1]: Leaving directory '/home/weety/tart5/build/face_tracker/CMakeFiles/CMakeTmp'


