Determining if the pthread_create exist failed with the following output:
Change Dir: /home/weety/tart5/build/path_planner/CMakeFiles/CMakeTmp

Run Build Command:"/usr/bin/make" "cmTC_64552/fast"
/usr/bin/make -f CMakeFiles/cmTC_64552.dir/build.make CMakeFiles/cmTC_64552.dir/build
make[1]: Entering directory '/home/weety/tart5/build/path_planner/CMakeFiles/CMakeTmp'
Building C object CMakeFiles/cmTC_64552.dir/CheckSymbolExists.c.o
/usr/bin/cc     -o CMakeFiles/cmTC_64552.dir/CheckSymbolExists.c.o   -c /home/weety/tart5/build/path_planner/CMakeFiles/CMakeTmp/CheckSymbolExists.c
Linking C executable cmTC_64552
/usr/bin/cmake -E cmake_link_script CMakeFiles/cmTC_64552.dir/link.txt --verbose=1
/usr/bin/cc       CMakeFiles/cmTC_64552.dir/CheckSymbolExists.c.o  -o cmTC_64552 -rdynamic 
CMakeFiles/cmTC_64552.dir/CheckSymbolExists.c.o: In function `main':
CheckSymbolExists.c:(.text+0x16): undefined reference to `pthread_create'
collect2: error: ld returned 1 exit status
CMakeFiles/cmTC_64552.dir/build.make:97: recipe for target 'cmTC_64552' failed
make[1]: *** [cmTC_64552] Error 1
make[1]: Leaving directory '/home/weety/tart5/build/path_planner/CMakeFiles/CMakeTmp'
Makefile:126: recipe for target 'cmTC_64552/fast' failed
make: *** [cmTC_64552/fast] Error 2

File /home/weety/tart5/build/path_planner/CMakeFiles/CMakeTmp/CheckSymbolExists.c:
/* */
#include <pthread.h>

int main(int argc, char** argv)
{
  (void)argv;
#ifndef pthread_create
  return ((int*)(&pthread_create))[argc];
#else
  (void)argc;
  return 0;
#endif
}

Determining if the function pthread_create exists in the pthreads failed with the following output:
Change Dir: /home/weety/tart5/build/path_planner/CMakeFiles/CMakeTmp

Run Build Command:"/usr/bin/make" "cmTC_d07ae/fast"
/usr/bin/make -f CMakeFiles/cmTC_d07ae.dir/build.make CMakeFiles/cmTC_d07ae.dir/build
make[1]: Entering directory '/home/weety/tart5/build/path_planner/CMakeFiles/CMakeTmp'
Building C object CMakeFiles/cmTC_d07ae.dir/CheckFunctionExists.c.o
/usr/bin/cc    -DCHECK_FUNCTION_EXISTS=pthread_create   -o CMakeFiles/cmTC_d07ae.dir/CheckFunctionExists.c.o   -c /usr/share/cmake-3.5/Modules/CheckFunctionExists.c
Linking C executable cmTC_d07ae
/usr/bin/cmake -E cmake_link_script CMakeFiles/cmTC_d07ae.dir/link.txt --verbose=1
/usr/bin/cc   -DCHECK_FUNCTION_EXISTS=pthread_create    CMakeFiles/cmTC_d07ae.dir/CheckFunctionExists.c.o  -o cmTC_d07ae -rdynamic -lpthreads 
/usr/bin/ld: cannot find -lpthreads
collect2: error: ld returned 1 exit status
CMakeFiles/cmTC_d07ae.dir/build.make:97: recipe for target 'cmTC_d07ae' failed
make[1]: *** [cmTC_d07ae] Error 1
make[1]: Leaving directory '/home/weety/tart5/build/path_planner/CMakeFiles/CMakeTmp'
Makefile:126: recipe for target 'cmTC_d07ae/fast' failed
make: *** [cmTC_d07ae/fast] Error 2


