[01m[K/home/weety/tart5/src/path_planner/src/path_planner_3.cpp:[m[K In function ‘[01m[Kint main(int, char**)[m[K’:
[01m[K/home/weety/tart5/src/path_planner/src/path_planner_3.cpp:59:39:[m[K [01;31m[Kerror: [m[K‘[01m[Ksetprecision[m[K’ was not declared in this scope
 stream << std::fixed << setprecision(2) << display_trajectory.trajectory[0].joint_trajectory.points[1].positions[0];
[01;32m[K                                       ^[m[K
[01m[K/home/weety/tart5/src/path_planner/src/path_planner_3.cpp:59:39:[m[K [01;36m[Knote: [m[Ksuggested alternative:
In file included from [01m[K/usr/include/boost/exception/detail/object_hex_dump.hpp:16:0[m[K,
                 from [01m[K/usr/include/boost/exception/to_string_stub.hpp:16[m[K,
                 from [01m[K/usr/include/boost/exception/info.hpp:16[m[K,
                 from [01m[K/usr/include/boost/exception/detail/exception_ptr.hpp:20[m[K,
                 from [01m[K/usr/include/boost/exception_ptr.hpp:9[m[K,
                 from [01m[K/usr/include/boost/thread/exceptional_ptr.hpp:10[m[K,
                 from [01m[K/usr/include/boost/thread/future.hpp:23[m[K,
                 from [01m[K/usr/include/boost/thread.hpp:24[m[K,
                 from [01m[K/opt/ros/kinetic/include/class_loader/multi_library_class_loader.h:34[m[K,
                 from [01m[K/opt/ros/kinetic/include/pluginlib/class_loader.h:33[m[K,
                 from [01m[K/home/weety/tart5/src/path_planner/src/path_planner_3.cpp:1[m[K:
[01m[K/usr/include/c++/5/iomanip:195:3:[m[K [01;36m[Knote: [m[K  ‘[01m[Kstd::setprecision[m[K’
   setprecision(int __n)
[01;32m[K   ^[m[K
[01m[K/home/weety/tart5/src/path_planner/src/path_planner_3.cpp:60:1:[m[K [01;31m[Kerror: [m[K‘[01m[Kstring[m[K’ was not declared in this scope
 string s = stream.str();
[01;32m[K ^[m[K
[01m[K/home/weety/tart5/src/path_planner/src/path_planner_3.cpp:60:1:[m[K [01;36m[Knote: [m[Ksuggested alternatives:
In file included from [01m[K/usr/include/c++/5/string:39:0[m[K,
                 from [01m[K/usr/include/boost/algorithm/string/std/string_traits.hpp:15[m[K,
                 from [01m[K/usr/include/boost/algorithm/string/std_containers_traits.hpp:19[m[K,
                 from [01m[K/usr/include/boost/algorithm/string.hpp:18[m[K,
                 from [01m[K/opt/ros/kinetic/include/pluginlib/class_loader.h:32[m[K,
                 from [01m[K/home/weety/tart5/src/path_planner/src/path_planner_3.cpp:1[m[K:
[01m[K/usr/include/c++/5/bits/stringfwd.h:74:33:[m[K [01;36m[Knote: [m[K  ‘[01m[Kstd::__cxx11::string[m[K’
   typedef basic_string<char>    string;   
[01;32m[K                                 ^[m[K
[01m[K/usr/include/c++/5/bits/stringfwd.h:74:33:[m[K [01;36m[Knote: [m[K  ‘[01m[Kstd::__cxx11::string[m[K’
In file included from [01m[K/usr/include/boost/lexical_cast/detail/converter_lexical.hpp:51:0[m[K,
                 from [01m[K/usr/include/boost/lexical_cast/try_lexical_convert.hpp:34[m[K,
                 from [01m[K/usr/include/boost/lexical_cast.hpp:32[m[K,
                 from [01m[K/opt/ros/kinetic/include/ros/transport_hints.h:34[m[K,
                 from [01m[K/opt/ros/kinetic/include/ros/subscribe_options.h:33[m[K,
                 from [01m[K/opt/ros/kinetic/include/ros/node_handle.h:41[m[K,
                 from [01m[K/opt/ros/kinetic/include/ros/ros.h:45[m[K,
                 from [01m[K/home/weety/tart5/src/path_planner/src/path_planner_3.cpp:2[m[K:
[01m[K/usr/include/boost/container/container_fwd.hpp:179:1:[m[K [01;36m[Knote: [m[K  ‘[01m[Kboost::container::string[m[K’
 string;
[01;32m[K ^[m[K
In file included from [01m[K/opt/ros/kinetic/include/pluginlib/class_loader.h:38:0[m[K,
                 from [01m[K/home/weety/tart5/src/path_planner/src/path_planner_3.cpp:1[m[K:
[01m[K/home/weety/tart5/src/path_planner/src/path_planner_3.cpp:61:39:[m[K [01;31m[Kerror: [m[K‘[01m[Ks[m[K’ was not declared in this scope
   ROS_INFO("First value of plan: %s", s);
[01;32m[K                                       ^[m[K
[01m[K/opt/ros/kinetic/include/ros/console.h:346:165:[m[K [01;36m[Knote: [m[Kin definition of macro ‘[01m[KROSCONSOLE_PRINT_AT_LOCATION_WITH_FILTER[m[K’
     ::ros::console::print(filter, __rosconsole_define_location__loc.logger_, __rosconsole_define_location__loc.level_, __FILE__, __LINE__, __ROSCONSOLE_FUNCTION__, __VA_ARGS__)
[01;32m[K                                                                                                                                                                     ^[m[K
[01m[K/opt/ros/kinetic/include/ros/console.h:379:7:[m[K [01;36m[Knote: [m[Kin expansion of macro ‘[01m[KROSCONSOLE_PRINT_AT_LOCATION[m[K’
       ROSCONSOLE_PRINT_AT_LOCATION(__VA_ARGS__); \
[01;32m[K       ^[m[K
[01m[K/opt/ros/kinetic/include/ros/console.h:561:35:[m[K [01;36m[Knote: [m[Kin expansion of macro ‘[01m[KROS_LOG_COND[m[K’
 #define ROS_LOG(level, name, ...) ROS_LOG_COND(true, level, name, __VA_ARGS__)
[01;32m[K                                   ^[m[K
[01m[K/opt/ros/kinetic/include/rosconsole/macros_generated.h:110:23:[m[K [01;36m[Knote: [m[Kin expansion of macro ‘[01m[KROS_LOG[m[K’
 #define ROS_INFO(...) ROS_LOG(::ros::console::levels::Info, ROSCONSOLE_DEFAULT_NAME, __VA_ARGS__)
[01;32m[K                       ^[m[K
[01m[K/home/weety/tart5/src/path_planner/src/path_planner_3.cpp:61:3:[m[K [01;36m[Knote: [m[Kin expansion of macro ‘[01m[KROS_INFO[m[K’
   ROS_INFO("First value of plan: %s", s);
[01;32m[K   ^[m[K
make[2]: *** [CMakeFiles/path_planner_3.dir/src/path_planner_3.cpp.o] Error 1
make[1]: *** [CMakeFiles/path_planner_3.dir/all] Error 2
make: *** [all] Error 2
