[35m[1mScanning dependencies of target arduino_comm[0m
[ 16%] [32mBuilding CXX object CMakeFiles/arduino_comm.dir/src/arduino_comm.cpp.o[0m
[ 50%] Built target path_planner_2
[ 83%] Built target path_planner
In file included from [01m[K/opt/ros/kinetic/include/ros/serialization.h:37:0[m[K,
                 from [01m[K/opt/ros/kinetic/include/ros/publisher.h:34[m[K,
                 from [01m[K/opt/ros/kinetic/include/ros/node_handle.h:32[m[K,
                 from [01m[K/opt/ros/kinetic/include/ros/ros.h:45[m[K,
                 from [01m[K/home/weety/tart5/src/path_planner/src/arduino_comm.cpp:2[m[K:
/opt/ros/kinetic/include/ros/message_traits.h: In instantiation of ‘[01m[Kstatic const char* ros::message_traits::MD5Sum<M>::value() [with M = std_msgs::Float32_<std::allocator<void> > [6]][m[K’:
[01m[K/opt/ros/kinetic/include/ros/message_traits.h:228:102:[m[K   required from ‘[01m[Kconst char* ros::message_traits::md5sum() [with M = std_msgs::Float32_<std::allocator<void> > [6]][m[K’
[01m[K/opt/ros/kinetic/include/ros/advertise_options.h:92:39:[m[K   required from ‘[01m[Kvoid ros::AdvertiseOptions::init(const string&, uint32_t, const SubscriberStatusCallback&, const SubscriberStatusCallback&) [with M = std_msgs::Float32_<std::allocator<void> > [6]; std::__cxx11::string = std::__cxx11::basic_string<char>; uint32_t = unsigned int; ros::SubscriberStatusCallback = boost::function<void(const ros::SingleSubscriberPublisher&)>][m[K’
[01m[K/opt/ros/kinetic/include/ros/node_handle.h:251:7:[m[K   required from ‘[01m[Kros::Publisher ros::NodeHandle::advertise(const string&, uint32_t, bool) [with M = std_msgs::Float32_<std::allocator<void> > [6]; std::__cxx11::string = std::__cxx11::basic_string<char>; uint32_t = unsigned int][m[K’
[01m[K/home/weety/tart5/src/path_planner/src/arduino_comm.cpp:35:100:[m[K   required from here
[01m[K/opt/ros/kinetic/include/ros/message_traits.h:121:28:[m[K [01;31m[Kerror: [m[K‘[01m[K__s_getMD5Sum[m[K’ is not a member of ‘[01m[Kstd_msgs::Float32_<std::allocator<void> > [6][m[K’
     return M::__s_getMD5Sum().c_str();
[01;32m[K                            ^[m[K
/opt/ros/kinetic/include/ros/message_traits.h: In instantiation of ‘[01m[Kstatic const char* ros::message_traits::DataType<M>::value() [with M = std_msgs::Float32_<std::allocator<void> > [6]][m[K’:
[01m[K/opt/ros/kinetic/include/ros/message_traits.h:237:104:[m[K   required from ‘[01m[Kconst char* ros::message_traits::datatype() [with M = std_msgs::Float32_<std::allocator<void> > [6]][m[K’
[01m[K/opt/ros/kinetic/include/ros/advertise_options.h:93:43:[m[K   required from ‘[01m[Kvoid ros::AdvertiseOptions::init(const string&, uint32_t, const SubscriberStatusCallback&, const SubscriberStatusCallback&) [with M = std_msgs::Float32_<std::allocator<void> > [6]; std::__cxx11::string = std::__cxx11::basic_string<char>; uint32_t = unsigned int; ros::SubscriberStatusCallback = boost::function<void(const ros::SingleSubscriberPublisher&)>][m[K’
[01m[K/opt/ros/kinetic/include/ros/node_handle.h:251:7:[m[K   required from ‘[01m[Kros::Publisher ros::NodeHandle::advertise(const string&, uint32_t, bool) [with M = std_msgs::Float32_<std::allocator<void> > [6]; std::__cxx11::string = std::__cxx11::basic_string<char>; uint32_t = unsigned int][m[K’
[01m[K/home/weety/tart5/src/path_planner/src/arduino_comm.cpp:35:100:[m[K   required from here
[01m[K/opt/ros/kinetic/include/ros/message_traits.h:138:30:[m[K [01;31m[Kerror: [m[K‘[01m[K__s_getDataType[m[K’ is not a member of ‘[01m[Kstd_msgs::Float32_<std::allocator<void> > [6][m[K’
     return M::__s_getDataType().c_str();
[01;32m[K                              ^[m[K
/opt/ros/kinetic/include/ros/message_traits.h: In instantiation of ‘[01m[Kstatic const char* ros::message_traits::Definition<M>::value() [with M = std_msgs::Float32_<std::allocator<void> > [6]][m[K’:
[01m[K/opt/ros/kinetic/include/ros/message_traits.h:246:106:[m[K   required from ‘[01m[Kconst char* ros::message_traits::definition() [with M = std_msgs::Float32_<std::allocator<void> > [6]][m[K’
[01m[K/opt/ros/kinetic/include/ros/advertise_options.h:94:55:[m[K   required from ‘[01m[Kvoid ros::AdvertiseOptions::init(const string&, uint32_t, const SubscriberStatusCallback&, const SubscriberStatusCallback&) [with M = std_msgs::Float32_<std::allocator<void> > [6]; std::__cxx11::string = std::__cxx11::basic_string<char>; uint32_t = unsigned int; ros::SubscriberStatusCallback = boost::function<void(const ros::SingleSubscriberPublisher&)>][m[K’
[01m[K/opt/ros/kinetic/include/ros/node_handle.h:251:7:[m[K   required from ‘[01m[Kros::Publisher ros::NodeHandle::advertise(const string&, uint32_t, bool) [with M = std_msgs::Float32_<std::allocator<void> > [6]; std::__cxx11::string = std::__cxx11::basic_string<char>; uint32_t = unsigned int][m[K’
[01m[K/home/weety/tart5/src/path_planner/src/arduino_comm.cpp:35:100:[m[K   required from here
[01m[K/opt/ros/kinetic/include/ros/message_traits.h:155:39:[m[K [01;31m[Kerror: [m[K‘[01m[K__s_getMessageDefinition[m[K’ is not a member of ‘[01m[Kstd_msgs::Float32_<std::allocator<void> > [6][m[K’
     return M::__s_getMessageDefinition().c_str();
[01;32m[K                                       ^[m[K
CMakeFiles/arduino_comm.dir/build.make:62: recipe for target 'CMakeFiles/arduino_comm.dir/src/arduino_comm.cpp.o' failed
make[2]: *** [CMakeFiles/arduino_comm.dir/src/arduino_comm.cpp.o] Error 1
CMakeFiles/Makefile2:67: recipe for target 'CMakeFiles/arduino_comm.dir/all' failed
make[1]: *** [CMakeFiles/arduino_comm.dir/all] Error 2
Makefile:138: recipe for target 'all' failed
make: *** [all] Error 2
