In file included from [01m[K/opt/ros/kinetic/include/pluginlib/class_loader.h:38:0[m[K,
                 from [01m[K/home/weety/tart5/src/path_planner/src/path_planner_3.cpp:1[m[K:
[01m[K/home/weety/tart5/src/path_planner/src/path_planner_3.cpp:[m[K In function ‘[01m[Kint main(int, char**)[m[K’:
[01m[K/home/weety/tart5/src/path_planner/src/path_planner_3.cpp:30:41:[m[K [01;31m[Kerror: [m[K‘[01m[Kclass moveit::planning_interface::MoveGroupInterface[m[K’ has no member named ‘[01m[KgetPoseRefernceFrame[m[K’
   ROS_INFO("Reference Frame: %s", group.getPoseRefernceFrame().c_str());
[01;32m[K                                         ^[m[K
[01m[K/opt/ros/kinetic/include/ros/console.h:346:165:[m[K [01;36m[Knote: [m[Kin definition of macro ‘[01m[KROSCONSOLE_PRINT_AT_LOCATION_WITH_FILTER[m[K’
     ::ros::console::print(filter, __rosconsole_define_location__loc.logger_, __rosconsole_define_location__loc.level_, __FILE__, __LINE__, __ROSCONSOLE_FUNCTION__, __VA_ARGS__)
[01;32m[K                                                                                                                                                                     ^[m[K
[01m[K/opt/ros/kinetic/include/ros/console.h:379:7:[m[K [01;36m[Knote: [m[Kin expansion of macro ‘[01m[KROSCONSOLE_PRINT_AT_LOCATION[m[K’
       ROSCONSOLE_PRINT_AT_LOCATION(__VA_ARGS__); \
[01;32m[K       ^[m[K
[01m[K/opt/ros/kinetic/include/ros/console.h:561:35:[m[K [01;36m[Knote: [m[Kin expansion of macro ‘[01m[KROS_LOG_COND[m[K’
 #define ROS_LOG(level, name, ...) ROS_LOG_COND(true, level, name, __VA_ARGS__)
[01;32m[K                                   ^[m[K
[01m[K/opt/ros/kinetic/include/rosconsole/macros_generated.h:110:23:[m[K [01;36m[Knote: [m[Kin expansion of macro ‘[01m[KROS_LOG[m[K’
 #define ROS_INFO(...) ROS_LOG(::ros::console::levels::Info, ROSCONSOLE_DEFAULT_NAME, __VA_ARGS__)
[01;32m[K                       ^[m[K
[01m[K/home/weety/tart5/src/path_planner/src/path_planner_3.cpp:30:3:[m[K [01;36m[Knote: [m[Kin expansion of macro ‘[01m[KROS_INFO[m[K’
   ROS_INFO("Reference Frame: %s", group.getPoseRefernceFrame().c_str());
[01;32m[K   ^[m[K
[01m[K/home/weety/tart5/src/path_planner/src/path_planner_3.cpp:44:32:[m[K [01;31m[Kerror: [m[K‘[01m[Kclass moveit::planning_interface::MoveGroupInterface[m[K’ has no member named ‘[01m[KgetposeTarget[m[K’
   ROS_INFO_stream("#" << group.getposeTarget());
[01;32m[K                                ^[m[K
[01m[K/home/weety/tart5/src/path_planner/src/path_planner_3.cpp:44:47:[m[K [01;31m[Kerror: [m[K‘[01m[KROS_INFO_stream[m[K’ was not declared in this scope
   ROS_INFO_stream("#" << group.getposeTarget());
[01;32m[K                                               ^[m[K
make[2]: *** [CMakeFiles/path_planner_3.dir/src/path_planner_3.cpp.o] Error 1
make[1]: *** [CMakeFiles/path_planner_3.dir/all] Error 2
make: *** [all] Error 2
