[01m[K/home/weety/tart5/src/path_planner/src/path_planner_3.cpp:[m[K In function ‘[01m[Kint main(int, char**)[m[K’:
[01m[K/home/weety/tart5/src/path_planner/src/path_planner_3.cpp:68:65:[m[K [01;31m[Kerror: [m[Kno matching function for call to ‘[01m[Kstd::vector<trajectory_msgs::JointTrajectoryPoint_<std::allocator<void> >, std::allocator<trajectory_msgs::JointTrajectoryPoint_<std::allocator<void> > > >::push_back(sensor_msgs::JointState&)[m[K’
   my_plan.trajectory_.joint_trajectory.points.push_back(plan_end);
[01;32m[K                                                                 ^[m[K
In file included from [01m[K/usr/include/c++/5/vector:64:0[m[K,
                 from [01m[K/usr/include/c++/5/bits/random.h:34[m[K,
                 from [01m[K/usr/include/c++/5/random:49[m[K,
                 from [01m[K/usr/include/c++/5/bits/stl_algo.h:66[m[K,
                 from [01m[K/usr/include/c++/5/algorithm:62[m[K,
                 from [01m[K/usr/include/c++/5/ext/slist:47[m[K,
                 from [01m[K/usr/include/boost/algorithm/string/std/slist_traits.hpp:16[m[K,
                 from [01m[K/usr/include/boost/algorithm/string/std_containers_traits.hpp:23[m[K,
                 from [01m[K/usr/include/boost/algorithm/string.hpp:18[m[K,
                 from [01m[K/opt/ros/kinetic/include/pluginlib/class_loader.h:32[m[K,
                 from [01m[K/home/weety/tart5/src/path_planner/src/path_planner_3.cpp:1[m[K:
[01m[K/usr/include/c++/5/bits/stl_vector.h:913:7:[m[K [01;36m[Knote: [m[Kcandidate: void std::vector<_Tp, _Alloc>::push_back(const value_type&) [with _Tp = trajectory_msgs::JointTrajectoryPoint_<std::allocator<void> >; _Alloc = std::allocator<trajectory_msgs::JointTrajectoryPoint_<std::allocator<void> > >; std::vector<_Tp, _Alloc>::value_type = trajectory_msgs::JointTrajectoryPoint_<std::allocator<void> >]
       push_back(const value_type& __x)
[01;32m[K       ^[m[K
[01m[K/usr/include/c++/5/bits/stl_vector.h:913:7:[m[K [01;36m[Knote: [m[K  no known conversion for argument 1 from ‘[01m[Ksensor_msgs::JointState {aka sensor_msgs::JointState_<std::allocator<void> >}[m[K’ to ‘[01m[Kconst value_type& {aka const trajectory_msgs::JointTrajectoryPoint_<std::allocator<void> >&}[m[K’
[01m[K/usr/include/c++/5/bits/stl_vector.h:931:7:[m[K [01;36m[Knote: [m[Kcandidate: void std::vector<_Tp, _Alloc>::push_back(std::vector<_Tp, _Alloc>::value_type&&) [with _Tp = trajectory_msgs::JointTrajectoryPoint_<std::allocator<void> >; _Alloc = std::allocator<trajectory_msgs::JointTrajectoryPoint_<std::allocator<void> > >; std::vector<_Tp, _Alloc>::value_type = trajectory_msgs::JointTrajectoryPoint_<std::allocator<void> >]
       push_back(value_type&& __x)
[01;32m[K       ^[m[K
[01m[K/usr/include/c++/5/bits/stl_vector.h:931:7:[m[K [01;36m[Knote: [m[K  no known conversion for argument 1 from ‘[01m[Ksensor_msgs::JointState {aka sensor_msgs::JointState_<std::allocator<void> >}[m[K’ to ‘[01m[Kstd::vector<trajectory_msgs::JointTrajectoryPoint_<std::allocator<void> >, std::allocator<trajectory_msgs::JointTrajectoryPoint_<std::allocator<void> > > >::value_type&& {aka trajectory_msgs::JointTrajectoryPoint_<std::allocator<void> >&&}[m[K’
make[2]: *** [CMakeFiles/path_planner_3.dir/src/path_planner_3.cpp.o] Error 1
make[1]: *** [CMakeFiles/path_planner_3.dir/all] Error 2
make: *** [all] Error 2
