[  0%] Built target _control_toolbox_generate_messages_check_deps_SetPidGains
[  0%] Built target std_msgs_generate_messages_nodejs
[  0%] Built target std_msgs_generate_messages_lisp
[  0%] Built target std_msgs_generate_messages_eus
[  0%] Built target std_msgs_generate_messages_cpp
[  0%] Built target std_msgs_generate_messages_py
[  6%] Built target control_toolbox_gencfg
[  6%] Built target dynamic_reconfigure_generate_messages_eus
[  6%] Built target dynamic_reconfigure_gencfg
[  6%] Built target control_msgs_generate_messages_cpp
[  6%] Built target roscpp_generate_messages_lisp
[  6%] Built target dynamic_reconfigure_generate_messages_lisp
[  6%] Built target actionlib_msgs_generate_messages_py
[  6%] Built target geometry_msgs_generate_messages_eus
[  6%] Built target roscpp_generate_messages_cpp
[  6%] Built target rosgraph_msgs_generate_messages_cpp
[  6%] Built target actionlib_msgs_generate_messages_eus
[  6%] Built target trajectory_msgs_generate_messages_py
[  6%] Built target trajectory_msgs_generate_messages_eus
[  6%] Built target actionlib_msgs_generate_messages_cpp
[  6%] Built target rosgraph_msgs_generate_messages_nodejs
[  6%] Built target control_msgs_generate_messages_eus
[  6%] Built target geometry_msgs_generate_messages_nodejs
[  6%] Built target _catkin_empty_exported_target
[  6%] Built target dynamic_reconfigure_generate_messages_nodejs
[  6%] Built target geometry_msgs_generate_messages_lisp
[  6%] Built target actionlib_msgs_generate_messages_lisp
[  6%] Built target roscpp_generate_messages_nodejs
[  6%] Built target rosgraph_msgs_generate_messages_lisp
[  6%] Built target rosgraph_msgs_generate_messages_py
[  6%] Built target actionlib_msgs_generate_messages_nodejs
[  6%] Built target control_msgs_generate_messages_nodejs
[  6%] Built target control_msgs_generate_messages_py
[  6%] Built target geometry_msgs_generate_messages_py
[  6%] Built target geometry_msgs_generate_messages_cpp
[  6%] Built target trajectory_msgs_generate_messages_cpp
[  6%] Built target control_msgs_generate_messages_lisp
[  6%] Built target trajectory_msgs_generate_messages_lisp
[  6%] Built target roscpp_generate_messages_eus
[  6%] Built target trajectory_msgs_generate_messages_nodejs
[  6%] Built target dynamic_reconfigure_generate_messages_cpp
[  6%] Built target roscpp_generate_messages_py
[  6%] Built target dynamic_reconfigure_generate_messages_py
[ 13%] Built target rosgraph_msgs_generate_messages_eus
[ 13%] Built target control_toolbox_generate_messages_lisp
[ 20%] Built target control_toolbox_generate_messages_nodejs
[ 26%] Built target control_toolbox_generate_messages_cpp
[ 40%] Built target control_toolbox_generate_messages_eus
[ 53%] Built target control_toolbox_generate_messages_py
[ 53%] Built target control_toolbox_generate_messages
[100%] Built target control_toolbox
