Determining if the pthread_create exist failed with the following output:
Change Dir: /home/weety/tart5/build/transmission_interface/CMakeFiles/CMakeTmp

Run Build Command:"/usr/bin/make" "cmTC_f3b66/fast"
/usr/bin/make -f CMakeFiles/cmTC_f3b66.dir/build.make CMakeFiles/cmTC_f3b66.dir/build
make[1]: Entering directory '/home/weety/tart5/build/transmission_interface/CMakeFiles/CMakeTmp'
Building C object CMakeFiles/cmTC_f3b66.dir/CheckSymbolExists.c.o
/usr/bin/cc     -o CMakeFiles/cmTC_f3b66.dir/CheckSymbolExists.c.o   -c /home/weety/tart5/build/transmission_interface/CMakeFiles/CMakeTmp/CheckSymbolExists.c
Linking C executable cmTC_f3b66
/usr/bin/cmake -E cmake_link_script CMakeFiles/cmTC_f3b66.dir/link.txt --verbose=1
/usr/bin/cc       CMakeFiles/cmTC_f3b66.dir/CheckSymbolExists.c.o  -o cmTC_f3b66 -rdynamic 
CMakeFiles/cmTC_f3b66.dir/CheckSymbolExists.c.o: In function `main':
CheckSymbolExists.c:(.text+0x16): undefined reference to `pthread_create'
collect2: error: ld returned 1 exit status
CMakeFiles/cmTC_f3b66.dir/build.make:97: recipe for target 'cmTC_f3b66' failed
make[1]: *** [cmTC_f3b66] Error 1
make[1]: Leaving directory '/home/weety/tart5/build/transmission_interface/CMakeFiles/CMakeTmp'
Makefile:126: recipe for target 'cmTC_f3b66/fast' failed
make: *** [cmTC_f3b66/fast] Error 2

File /home/weety/tart5/build/transmission_interface/CMakeFiles/CMakeTmp/CheckSymbolExists.c:
/* */
#include <pthread.h>

int main(int argc, char** argv)
{
  (void)argv;
#ifndef pthread_create
  return ((int*)(&pthread_create))[argc];
#else
  (void)argc;
  return 0;
#endif
}

Determining if the function pthread_create exists in the pthreads failed with the following output:
Change Dir: /home/weety/tart5/build/transmission_interface/CMakeFiles/CMakeTmp

Run Build Command:"/usr/bin/make" "cmTC_5650c/fast"
/usr/bin/make -f CMakeFiles/cmTC_5650c.dir/build.make CMakeFiles/cmTC_5650c.dir/build
make[1]: Entering directory '/home/weety/tart5/build/transmission_interface/CMakeFiles/CMakeTmp'
Building C object CMakeFiles/cmTC_5650c.dir/CheckFunctionExists.c.o
/usr/bin/cc    -DCHECK_FUNCTION_EXISTS=pthread_create   -o CMakeFiles/cmTC_5650c.dir/CheckFunctionExists.c.o   -c /usr/share/cmake-3.5/Modules/CheckFunctionExists.c
Linking C executable cmTC_5650c
/usr/bin/cmake -E cmake_link_script CMakeFiles/cmTC_5650c.dir/link.txt --verbose=1
/usr/bin/cc   -DCHECK_FUNCTION_EXISTS=pthread_create    CMakeFiles/cmTC_5650c.dir/CheckFunctionExists.c.o  -o cmTC_5650c -rdynamic -lpthreads 
/usr/bin/ld: cannot find -lpthreads
collect2: error: ld returned 1 exit status
CMakeFiles/cmTC_5650c.dir/build.make:97: recipe for target 'cmTC_5650c' failed
make[1]: *** [cmTC_5650c] Error 1
make[1]: Leaving directory '/home/weety/tart5/build/transmission_interface/CMakeFiles/CMakeTmp'
Makefile:126: recipe for target 'cmTC_5650c/fast' failed
make: *** [cmTC_5650c/fast] Error 2


