Determining if the pthread_create exist failed with the following output:
Change Dir: /home/weety/tart5/build/force_torque_sensor_controller/CMakeFiles/CMakeTmp

Run Build Command:"/usr/bin/make" "cmTC_759aa/fast"
/usr/bin/make -f CMakeFiles/cmTC_759aa.dir/build.make CMakeFiles/cmTC_759aa.dir/build
make[1]: Entering directory '/home/weety/tart5/build/force_torque_sensor_controller/CMakeFiles/CMakeTmp'
Building C object CMakeFiles/cmTC_759aa.dir/CheckSymbolExists.c.o
/usr/bin/cc     -o CMakeFiles/cmTC_759aa.dir/CheckSymbolExists.c.o   -c /home/weety/tart5/build/force_torque_sensor_controller/CMakeFiles/CMakeTmp/CheckSymbolExists.c
Linking C executable cmTC_759aa
/usr/bin/cmake -E cmake_link_script CMakeFiles/cmTC_759aa.dir/link.txt --verbose=1
/usr/bin/cc       CMakeFiles/cmTC_759aa.dir/CheckSymbolExists.c.o  -o cmTC_759aa -rdynamic 
CMakeFiles/cmTC_759aa.dir/CheckSymbolExists.c.o: In function `main':
CheckSymbolExists.c:(.text+0x16): undefined reference to `pthread_create'
collect2: error: ld returned 1 exit status
CMakeFiles/cmTC_759aa.dir/build.make:97: recipe for target 'cmTC_759aa' failed
make[1]: *** [cmTC_759aa] Error 1
make[1]: Leaving directory '/home/weety/tart5/build/force_torque_sensor_controller/CMakeFiles/CMakeTmp'
Makefile:126: recipe for target 'cmTC_759aa/fast' failed
make: *** [cmTC_759aa/fast] Error 2

File /home/weety/tart5/build/force_torque_sensor_controller/CMakeFiles/CMakeTmp/CheckSymbolExists.c:
/* */
#include <pthread.h>

int main(int argc, char** argv)
{
  (void)argv;
#ifndef pthread_create
  return ((int*)(&pthread_create))[argc];
#else
  (void)argc;
  return 0;
#endif
}

Determining if the function pthread_create exists in the pthreads failed with the following output:
Change Dir: /home/weety/tart5/build/force_torque_sensor_controller/CMakeFiles/CMakeTmp

Run Build Command:"/usr/bin/make" "cmTC_5c43d/fast"
/usr/bin/make -f CMakeFiles/cmTC_5c43d.dir/build.make CMakeFiles/cmTC_5c43d.dir/build
make[1]: Entering directory '/home/weety/tart5/build/force_torque_sensor_controller/CMakeFiles/CMakeTmp'
Building C object CMakeFiles/cmTC_5c43d.dir/CheckFunctionExists.c.o
/usr/bin/cc    -DCHECK_FUNCTION_EXISTS=pthread_create   -o CMakeFiles/cmTC_5c43d.dir/CheckFunctionExists.c.o   -c /usr/share/cmake-3.5/Modules/CheckFunctionExists.c
Linking C executable cmTC_5c43d
/usr/bin/cmake -E cmake_link_script CMakeFiles/cmTC_5c43d.dir/link.txt --verbose=1
/usr/bin/cc   -DCHECK_FUNCTION_EXISTS=pthread_create    CMakeFiles/cmTC_5c43d.dir/CheckFunctionExists.c.o  -o cmTC_5c43d -rdynamic -lpthreads 
/usr/bin/ld: cannot find -lpthreads
collect2: error: ld returned 1 exit status
CMakeFiles/cmTC_5c43d.dir/build.make:97: recipe for target 'cmTC_5c43d' failed
make[1]: *** [cmTC_5c43d] Error 1
make[1]: Leaving directory '/home/weety/tart5/build/force_torque_sensor_controller/CMakeFiles/CMakeTmp'
Makefile:126: recipe for target 'cmTC_5c43d/fast' failed
make: *** [cmTC_5c43d/fast] Error 2


